  socketmodule.c
f:\workspace\codereading\python-3.6.6\modules\socketmodule.c(1126): warning C4996: 'inet_addr': Use inet_pton() or InetPton() instead or define _WINSOCK_DEPRECATED_NO_WARNINGS to disable deprecated API warnings
  d:\windows kits\10\include\10.0.17134.0\um\winsock2.h(1830): note: 参见“inet_addr”的声明
f:\workspace\codereading\python-3.6.6\modules\socketmodule.c(4476): warning C4996: 'WSADuplicateSocketA': Use WSADuplicateSocketW() instead or define _WINSOCK_DEPRECATED_NO_WARNINGS to disable deprecated API warnings
  d:\windows kits\10\include\10.0.17134.0\um\winsock2.h(2846): note: 参见“WSADuplicateSocketA”的声明
f:\workspace\codereading\python-3.6.6\modules\socketmodule.c(4716): warning C4996: 'WSASocketA': Use WSASocketW() instead or define _WINSOCK_DEPRECATED_NO_WARNINGS to disable deprecated API warnings
  d:\windows kits\10\include\10.0.17134.0\um\winsock2.h(3415): note: 参见“WSASocketA”的声明
f:\workspace\codereading\python-3.6.6\modules\socketmodule.c(4749): warning C4996: 'WSASocketA': Use WSASocketW() instead or define _WINSOCK_DEPRECATED_NO_WARNINGS to disable deprecated API warnings
  d:\windows kits\10\include\10.0.17134.0\um\winsock2.h(3415): note: 参见“WSASocketA”的声明
f:\workspace\codereading\python-3.6.6\modules\socketmodule.c(5187): warning C4996: 'gethostbyname': Use getaddrinfo() or GetAddrInfoW() instead or define _WINSOCK_DEPRECATED_NO_WARNINGS to disable deprecated API warnings
  d:\windows kits\10\include\10.0.17134.0\um\winsock2.h(2218): note: 参见“gethostbyname”的声明
f:\workspace\codereading\python-3.6.6\modules\socketmodule.c(5285): warning C4996: 'gethostbyaddr': Use getnameinfo() or GetNameInfoW() instead or define _WINSOCK_DEPRECATED_NO_WARNINGS to disable deprecated API warnings
  d:\windows kits\10\include\10.0.17134.0\um\winsock2.h(2196): note: 参见“gethostbyaddr”的声明
f:\workspace\codereading\python-3.6.6\modules\socketmodule.c(5415): warning C4996: 'WSADuplicateSocketA': Use WSADuplicateSocketW() instead or define _WINSOCK_DEPRECATED_NO_WARNINGS to disable deprecated API warnings
  d:\windows kits\10\include\10.0.17134.0\um\winsock2.h(2846): note: 参见“WSADuplicateSocketA”的声明
f:\workspace\codereading\python-3.6.6\modules\socketmodule.c(5418): warning C4996: 'WSASocketA': Use WSASocketW() instead or define _WINSOCK_DEPRECATED_NO_WARNINGS to disable deprecated API warnings
  d:\windows kits\10\include\10.0.17134.0\um\winsock2.h(3415): note: 参见“WSASocketA”的声明
f:\workspace\codereading\python-3.6.6\modules\socketmodule.c(5709): warning C4996: 'inet_addr': Use inet_pton() or InetPton() instead or define _WINSOCK_DEPRECATED_NO_WARNINGS to disable deprecated API warnings
  d:\windows kits\10\include\10.0.17134.0\um\winsock2.h(1830): note: 参见“inet_addr”的声明
f:\workspace\codereading\python-3.6.6\modules\socketmodule.c(5752): warning C4996: 'inet_ntoa': Use inet_ntop() or InetNtop() instead or define _WINSOCK_DEPRECATED_NO_WARNINGS to disable deprecated API warnings
  d:\windows kits\10\include\10.0.17134.0\um\winsock2.h(1848): note: 参见“inet_ntoa”的声明
f:\workspace\codereading\python-3.6.6\modules\socketmodule.c(5826): warning C4996: 'WSAStringToAddressA': Use WSAStringToAddressW() instead or define _WINSOCK_DEPRECATED_NO_WARNINGS to disable deprecated API warnings
  d:\windows kits\10\include\10.0.17134.0\um\winsock2.h(3565): note: 参见“WSAStringToAddressA”的声明
f:\workspace\codereading\python-3.6.6\modules\socketmodule.c(5965): warning C4996: 'WSAAddressToStringA': Use WSAAddressToStringW() instead or define _WINSOCK_DEPRECATED_NO_WARNINGS to disable deprecated API warnings
  d:\windows kits\10\include\10.0.17134.0\um\winsock2.h(3506): note: 参见“WSAAddressToStringA”的声明
LINK : fatal error LNK1104: 无法打开文件“F:\Workspace\CodeReading\Python-3.6.6\PCBuild\amd64\python36_d.lib”
