f:\workspace\codereading\python-3.6.6\pcbuild\obj\36win32_release\pythoncore\vc141.pdb
f:\workspace\codereading\python-3.6.6\pcbuild\obj\36win32_release\pythoncore\_struct.obj
f:\workspace\codereading\python-3.6.6\pcbuild\obj\36win32_release\pythoncore\_stat.obj
f:\workspace\codereading\python-3.6.6\pcbuild\obj\36win32_release\pythoncore\_sre.obj
f:\workspace\codereading\python-3.6.6\pcbuild\obj\36win32_release\pythoncore\sha3module.obj
f:\workspace\codereading\python-3.6.6\pcbuild\obj\36win32_release\pythoncore\_randommodule.obj
f:\workspace\codereading\python-3.6.6\pcbuild\obj\36win32_release\pythoncore\_pickle.obj
f:\workspace\codereading\python-3.6.6\pcbuild\obj\36win32_release\pythoncore\_math.obj
f:\workspace\codereading\python-3.6.6\pcbuild\obj\36win32_release\pythoncore\_lsprof.obj
f:\workspace\codereading\python-3.6.6\pcbuild\obj\36win32_release\pythoncore\_localemodule.obj
f:\workspace\codereading\python-3.6.6\pcbuild\obj\36win32_release\pythoncore\_json.obj
f:\workspace\codereading\python-3.6.6\pcbuild\obj\36win32_release\pythoncore\_heapqmodule.obj
f:\workspace\codereading\python-3.6.6\pcbuild\obj\36win32_release\pythoncore\_functoolsmodule.obj
f:\workspace\codereading\python-3.6.6\pcbuild\obj\36win32_release\pythoncore\_csv.obj
f:\workspace\codereading\python-3.6.6\pcbuild\obj\36win32_release\pythoncore\_collectionsmodule.obj
f:\workspace\codereading\python-3.6.6\pcbuild\obj\36win32_release\pythoncore\_codecsmodule.obj
f:\workspace\codereading\python-3.6.6\pcbuild\obj\36win32_release\pythoncore\blake2s_impl.obj
f:\workspace\codereading\python-3.6.6\pcbuild\obj\36win32_release\pythoncore\blake2b_impl.obj
f:\workspace\codereading\python-3.6.6\pcbuild\obj\36win32_release\pythoncore\blake2module.obj
f:\workspace\codereading\python-3.6.6\pcbuild\obj\36win32_release\pythoncore\_bisectmodule.obj
f:\workspace\codereading\python-3.6.6\pcbuild\obj\36win32_release\pythoncore\_asynciomodule.obj
f:\workspace\codereading\python-3.6.6\pcbuild\obj\36win32_release\pythoncore\posixmodule.obj
f:\workspace\codereading\python-3.6.6\pcbuild\obj\36win32_release\pythoncore\parsermodule.obj
f:\workspace\codereading\python-3.6.6\pcbuild\obj\36win32_release\pythoncore\_operator.obj
f:\workspace\codereading\python-3.6.6\pcbuild\obj\36win32_release\pythoncore\_opcode.obj
f:\workspace\codereading\python-3.6.6\pcbuild\obj\36win32_release\pythoncore\mmapmodule.obj
f:\workspace\codereading\python-3.6.6\pcbuild\obj\36win32_release\pythoncore\md5module.obj
f:\workspace\codereading\python-3.6.6\pcbuild\obj\36win32_release\pythoncore\mathmodule.obj
f:\workspace\codereading\python-3.6.6\pcbuild\obj\36win32_release\pythoncore\main.obj
f:\workspace\codereading\python-3.6.6\pcbuild\obj\36win32_release\pythoncore\itertoolsmodule.obj
f:\workspace\codereading\python-3.6.6\pcbuild\obj\36win32_release\pythoncore\hashtable.obj
f:\workspace\codereading\python-3.6.6\pcbuild\obj\36win32_release\pythoncore\gcmodule.obj
f:\workspace\codereading\python-3.6.6\pcbuild\obj\36win32_release\pythoncore\faulthandler.obj
f:\workspace\codereading\python-3.6.6\pcbuild\obj\36win32_release\pythoncore\errnomodule.obj
f:\workspace\codereading\python-3.6.6\pcbuild\obj\36win32_release\pythoncore\_datetimemodule.obj
f:\workspace\codereading\python-3.6.6\pcbuild\obj\36win32_release\pythoncore\cmathmodule.obj
f:\workspace\codereading\python-3.6.6\pcbuild\obj\36win32_release\pythoncore\binascii.obj
f:\workspace\codereading\python-3.6.6\pcbuild\obj\36win32_release\pythoncore\audioop.obj
f:\workspace\codereading\python-3.6.6\pcbuild\obj\36win32_release\pythoncore\atexitmodule.obj
f:\workspace\codereading\python-3.6.6\pcbuild\obj\36win32_release\pythoncore\arraymodule.obj
f:\workspace\codereading\python-3.6.6\pcbuild\obj\36win32_release\pythoncore\_weakref.obj
f:\workspace\codereading\python-3.6.6\pcbuild\obj\36win32_release\pythoncore\winconsoleio.obj
f:\workspace\codereading\python-3.6.6\pcbuild\obj\36win32_release\pythoncore\textio.obj
f:\workspace\codereading\python-3.6.6\pcbuild\obj\36win32_release\pythoncore\iobase.obj
f:\workspace\codereading\python-3.6.6\pcbuild\obj\36win32_release\pythoncore\bufferedio.obj
f:\workspace\codereading\python-3.6.6\pcbuild\obj\36win32_release\pythoncore\stringio.obj
f:\workspace\codereading\python-3.6.6\pcbuild\obj\36win32_release\pythoncore\bytesio.obj
f:\workspace\codereading\python-3.6.6\pcbuild\obj\36win32_release\pythoncore\fileio.obj
f:\workspace\codereading\python-3.6.6\pcbuild\obj\36win32_release\pythoncore\zlibmodule.obj
f:\workspace\codereading\python-3.6.6\pcbuild\obj\36win32_release\pythoncore\zipimport.obj
f:\workspace\codereading\python-3.6.6\pcbuild\obj\36win32_release\pythoncore\xxsubtype.obj
f:\workspace\codereading\python-3.6.6\pcbuild\obj\36win32_release\pythoncore\timemodule.obj
f:\workspace\codereading\python-3.6.6\pcbuild\obj\36win32_release\pythoncore\_tracemalloc.obj
f:\workspace\codereading\python-3.6.6\pcbuild\obj\36win32_release\pythoncore\_threadmodule.obj
f:\workspace\codereading\python-3.6.6\pcbuild\obj\36win32_release\pythoncore\symtablemodule.obj
f:\workspace\codereading\python-3.6.6\pcbuild\obj\36win32_release\pythoncore\signalmodule.obj
f:\workspace\codereading\python-3.6.6\pcbuild\obj\36win32_release\pythoncore\sha512module.obj
f:\workspace\codereading\python-3.6.6\pcbuild\obj\36win32_release\pythoncore\sha256module.obj
f:\workspace\codereading\python-3.6.6\pcbuild\obj\36win32_release\pythoncore\sha1module.obj
f:\workspace\codereading\python-3.6.6\pcbuild\obj\36win32_release\pythoncore\rotatingtree.obj
f:\workspace\codereading\python-3.6.6\pcbuild\obj\36win32_release\pythoncore\abstract.obj
f:\workspace\codereading\python-3.6.6\pcbuild\obj\36win32_release\pythoncore\_winapi.obj
f:\workspace\codereading\python-3.6.6\pcbuild\obj\36win32_release\pythoncore\multibytecodec.obj
f:\workspace\codereading\python-3.6.6\pcbuild\obj\36win32_release\pythoncore\_codecs_tw.obj
f:\workspace\codereading\python-3.6.6\pcbuild\obj\36win32_release\pythoncore\_codecs_kr.obj
f:\workspace\codereading\python-3.6.6\pcbuild\obj\36win32_release\pythoncore\_codecs_jp.obj
f:\workspace\codereading\python-3.6.6\pcbuild\obj\36win32_release\pythoncore\_codecs_iso2022.obj
f:\workspace\codereading\python-3.6.6\pcbuild\obj\36win32_release\pythoncore\_codecs_hk.obj
f:\workspace\codereading\python-3.6.6\pcbuild\obj\36win32_release\pythoncore\_codecs_cn.obj
f:\workspace\codereading\python-3.6.6\pcbuild\obj\36win32_release\pythoncore\zutil.obj
f:\workspace\codereading\python-3.6.6\pcbuild\obj\36win32_release\pythoncore\uncompr.obj
f:\workspace\codereading\python-3.6.6\pcbuild\obj\36win32_release\pythoncore\trees.obj
f:\workspace\codereading\python-3.6.6\pcbuild\obj\36win32_release\pythoncore\inftrees.obj
f:\workspace\codereading\python-3.6.6\pcbuild\obj\36win32_release\pythoncore\inflate.obj
f:\workspace\codereading\python-3.6.6\pcbuild\obj\36win32_release\pythoncore\inffast.obj
f:\workspace\codereading\python-3.6.6\pcbuild\obj\36win32_release\pythoncore\infback.obj
f:\workspace\codereading\python-3.6.6\pcbuild\obj\36win32_release\pythoncore\deflate.obj
f:\workspace\codereading\python-3.6.6\pcbuild\obj\36win32_release\pythoncore\crc32.obj
f:\workspace\codereading\python-3.6.6\pcbuild\obj\36win32_release\pythoncore\compress.obj
f:\workspace\codereading\python-3.6.6\pcbuild\obj\36win32_release\pythoncore\adler32.obj
f:\workspace\codereading\python-3.6.6\pcbuild\obj\36win32_release\pythoncore\iterobject.obj
f:\workspace\codereading\python-3.6.6\pcbuild\obj\36win32_release\pythoncore\genobject.obj
f:\workspace\codereading\python-3.6.6\pcbuild\obj\36win32_release\pythoncore\funcobject.obj
f:\workspace\codereading\python-3.6.6\pcbuild\obj\36win32_release\pythoncore\frameobject.obj
f:\workspace\codereading\python-3.6.6\pcbuild\obj\36win32_release\pythoncore\floatobject.obj
f:\workspace\codereading\python-3.6.6\pcbuild\obj\36win32_release\pythoncore\fileobject.obj
f:\workspace\codereading\python-3.6.6\pcbuild\obj\36win32_release\pythoncore\exceptions.obj
f:\workspace\codereading\python-3.6.6\pcbuild\obj\36win32_release\pythoncore\enumobject.obj
f:\workspace\codereading\python-3.6.6\pcbuild\obj\36win32_release\pythoncore\dictobject.obj
f:\workspace\codereading\python-3.6.6\pcbuild\obj\36win32_release\pythoncore\descrobject.obj
f:\workspace\codereading\python-3.6.6\pcbuild\obj\36win32_release\pythoncore\complexobject.obj
f:\workspace\codereading\python-3.6.6\pcbuild\obj\36win32_release\pythoncore\codeobject.obj
f:\workspace\codereading\python-3.6.6\pcbuild\obj\36win32_release\pythoncore\classobject.obj
f:\workspace\codereading\python-3.6.6\pcbuild\obj\36win32_release\pythoncore\cellobject.obj
f:\workspace\codereading\python-3.6.6\pcbuild\obj\36win32_release\pythoncore\capsule.obj
f:\workspace\codereading\python-3.6.6\pcbuild\obj\36win32_release\pythoncore\bytesobject.obj
f:\workspace\codereading\python-3.6.6\pcbuild\obj\36win32_release\pythoncore\bytearrayobject.obj
f:\workspace\codereading\python-3.6.6\pcbuild\obj\36win32_release\pythoncore\bytes_methods.obj
f:\workspace\codereading\python-3.6.6\pcbuild\obj\36win32_release\pythoncore\boolobject.obj
f:\workspace\codereading\python-3.6.6\pcbuild\obj\36win32_release\pythoncore\accu.obj
f:\workspace\codereading\python-3.6.6\pcbuild\obj\36win32_release\pythoncore\bitset.obj
f:\workspace\codereading\python-3.6.6\pcbuild\obj\36win32_release\pythoncore\acceler.obj
f:\workspace\codereading\python-3.6.6\pcbuild\obj\36win32_release\pythoncore\weakrefobject.obj
f:\workspace\codereading\python-3.6.6\pcbuild\obj\36win32_release\pythoncore\unicodeobject.obj
f:\workspace\codereading\python-3.6.6\pcbuild\obj\36win32_release\pythoncore\unicodectype.obj
f:\workspace\codereading\python-3.6.6\pcbuild\obj\36win32_release\pythoncore\typeobject.obj
f:\workspace\codereading\python-3.6.6\pcbuild\obj\36win32_release\pythoncore\tupleobject.obj
f:\workspace\codereading\python-3.6.6\pcbuild\obj\36win32_release\pythoncore\structseq.obj
f:\workspace\codereading\python-3.6.6\pcbuild\obj\36win32_release\pythoncore\sliceobject.obj
f:\workspace\codereading\python-3.6.6\pcbuild\obj\36win32_release\pythoncore\setobject.obj
f:\workspace\codereading\python-3.6.6\pcbuild\obj\36win32_release\pythoncore\rangeobject.obj
f:\workspace\codereading\python-3.6.6\pcbuild\obj\36win32_release\pythoncore\odictobject.obj
f:\workspace\codereading\python-3.6.6\pcbuild\obj\36win32_release\pythoncore\obmalloc.obj
f:\workspace\codereading\python-3.6.6\pcbuild\obj\36win32_release\pythoncore\object.obj
f:\workspace\codereading\python-3.6.6\pcbuild\obj\36win32_release\pythoncore\namespaceobject.obj
f:\workspace\codereading\python-3.6.6\pcbuild\obj\36win32_release\pythoncore\moduleobject.obj
f:\workspace\codereading\python-3.6.6\pcbuild\obj\36win32_release\pythoncore\methodobject.obj
f:\workspace\codereading\python-3.6.6\pcbuild\obj\36win32_release\pythoncore\memoryobject.obj
f:\workspace\codereading\python-3.6.6\pcbuild\obj\36win32_release\pythoncore\longobject.obj
f:\workspace\codereading\python-3.6.6\pcbuild\obj\36win32_release\pythoncore\listobject.obj
f:\workspace\codereading\python-3.6.6\pcbuild\obj\36win32_release\pythoncore\ast.obj
f:\workspace\codereading\python-3.6.6\pcbuild\obj\36win32_release\pythoncore\asdl.obj
f:\workspace\codereading\python-3.6.6\pcbuild\obj\36win32_release\pythoncore\_warnings.obj
f:\workspace\codereading\python-3.6.6\pcbuild\obj\36win32_release\pythoncore\random.obj
f:\workspace\codereading\python-3.6.6\pcbuild\obj\36win32_release\pythoncore\pyhash.obj
f:\workspace\codereading\python-3.6.6\pcbuild\obj\36win32_release\pythoncore\msvcrtmodule.obj
f:\workspace\codereading\python-3.6.6\pcbuild\obj\36win32_release\pythoncore\getpathp.obj
f:\workspace\codereading\python-3.6.6\pcbuild\obj\36win32_release\pythoncore\config.obj
f:\workspace\codereading\python-3.6.6\pcbuild\obj\36win32_release\pythoncore\winreg.obj
f:\workspace\codereading\python-3.6.6\pcbuild\obj\36win32_release\pythoncore\invalid_parameter_handler.obj
f:\workspace\codereading\python-3.6.6\pcbuild\obj\36win32_release\pythoncore\tokenizer.obj
f:\workspace\codereading\python-3.6.6\pcbuild\obj\36win32_release\pythoncore\parsetok.obj
f:\workspace\codereading\python-3.6.6\pcbuild\obj\36win32_release\pythoncore\parser.obj
f:\workspace\codereading\python-3.6.6\pcbuild\obj\36win32_release\pythoncore\node.obj
f:\workspace\codereading\python-3.6.6\pcbuild\obj\36win32_release\pythoncore\myreadline.obj
f:\workspace\codereading\python-3.6.6\pcbuild\obj\36win32_release\pythoncore\metagrammar.obj
f:\workspace\codereading\python-3.6.6\pcbuild\obj\36win32_release\pythoncore\listnode.obj
f:\workspace\codereading\python-3.6.6\pcbuild\obj\36win32_release\pythoncore\grammar1.obj
f:\workspace\codereading\python-3.6.6\pcbuild\obj\36win32_release\pythoncore\grammar.obj
f:\workspace\codereading\python-3.6.6\pcbuild\obj\36win32_release\pythoncore\firstsets.obj
f:\workspace\codereading\python-3.6.6\pcbuild\obj\36win32_release\pythoncore\importdl.obj
f:\workspace\codereading\python-3.6.6\pcbuild\obj\36win32_release\pythoncore\import.obj
f:\workspace\codereading\python-3.6.6\pcbuild\obj\36win32_release\pythoncore\graminit.obj
f:\workspace\codereading\python-3.6.6\pcbuild\obj\36win32_release\pythoncore\getversion.obj
f:\workspace\codereading\python-3.6.6\pcbuild\obj\36win32_release\pythoncore\getplatform.obj
f:\workspace\codereading\python-3.6.6\pcbuild\obj\36win32_release\pythoncore\getopt.obj
f:\workspace\codereading\python-3.6.6\pcbuild\obj\36win32_release\pythoncore\getcopyright.obj
f:\workspace\codereading\python-3.6.6\pcbuild\obj\36win32_release\pythoncore\getcompiler.obj
f:\workspace\codereading\python-3.6.6\pcbuild\obj\36win32_release\pythoncore\getargs.obj
f:\workspace\codereading\python-3.6.6\pcbuild\obj\36win32_release\pythoncore\future.obj
f:\workspace\codereading\python-3.6.6\pcbuild\obj\36win32_release\pythoncore\frozen.obj
f:\workspace\codereading\python-3.6.6\pcbuild\obj\36win32_release\pythoncore\formatter_unicode.obj
f:\workspace\codereading\python-3.6.6\pcbuild\obj\36win32_release\pythoncore\fileutils.obj
f:\workspace\codereading\python-3.6.6\pcbuild\obj\36win32_release\pythoncore\errors.obj
f:\workspace\codereading\python-3.6.6\pcbuild\obj\36win32_release\pythoncore\dynload_win.obj
f:\workspace\codereading\python-3.6.6\pcbuild\obj\36win32_release\pythoncore\dynamic_annotations.obj
f:\workspace\codereading\python-3.6.6\pcbuild\obj\36win32_release\pythoncore\compile.obj
f:\workspace\codereading\python-3.6.6\pcbuild\obj\36win32_release\pythoncore\codecs.obj
f:\workspace\codereading\python-3.6.6\pcbuild\obj\36win32_release\pythoncore\ceval.obj
f:\workspace\codereading\python-3.6.6\pcbuild\obj\36win32_release\pythoncore\bltinmodule.obj
f:\workspace\codereading\python-3.6.6\pcbuild\obj\36win32_release\pythoncore\symtable.obj
f:\workspace\codereading\python-3.6.6\pcbuild\obj\36win32_release\pythoncore\structmember.obj
f:\workspace\codereading\python-3.6.6\pcbuild\obj\36win32_release\pythoncore\pythonrun.obj
f:\workspace\codereading\python-3.6.6\pcbuild\obj\36win32_release\pythoncore\python-ast.obj
f:\workspace\codereading\python-3.6.6\pcbuild\obj\36win32_release\pythoncore\dtoa.obj
f:\workspace\codereading\python-3.6.6\pcbuild\obj\36win32_release\pythoncore\pystrtod.obj
f:\workspace\codereading\python-3.6.6\pcbuild\obj\36win32_release\pythoncore\pystrhex.obj
f:\workspace\codereading\python-3.6.6\pcbuild\obj\36win32_release\pythoncore\pystrcmp.obj
f:\workspace\codereading\python-3.6.6\pcbuild\obj\36win32_release\pythoncore\pystate.obj
f:\workspace\codereading\python-3.6.6\pcbuild\obj\36win32_release\pythoncore\pytime.obj
f:\workspace\codereading\python-3.6.6\pcbuild\obj\36win32_release\pythoncore\pymath.obj
f:\workspace\codereading\python-3.6.6\pcbuild\obj\36win32_release\pythoncore\pylifecycle.obj
f:\workspace\codereading\python-3.6.6\pcbuild\obj\36win32_release\pythoncore\pyfpe.obj
f:\workspace\codereading\python-3.6.6\pcbuild\obj\36win32_release\pythoncore\pyctype.obj
f:\workspace\codereading\python-3.6.6\pcbuild\obj\36win32_release\pythoncore\pyarena.obj
f:\workspace\codereading\python-3.6.6\pcbuild\obj\36win32_release\pythoncore\peephole.obj
f:\workspace\codereading\python-3.6.6\pcbuild\obj\36win32_release\pythoncore\mystrtoul.obj
f:\workspace\codereading\python-3.6.6\pcbuild\obj\36win32_release\pythoncore\mysnprintf.obj
f:\workspace\codereading\python-3.6.6\pcbuild\obj\36win32_release\pythoncore\modsupport.obj
f:\workspace\codereading\python-3.6.6\pcbuild\obj\36win32_release\pythoncore\marshal.obj
f:\workspace\codereading\python-3.6.6\pcbuild\obj\36win32_release\pythoncore\dl_nt.obj
f:\workspace\codereading\python-3.6.6\pcbuild\obj\36win32_release\pythoncore\traceback.obj
f:\workspace\codereading\python-3.6.6\pcbuild\obj\36win32_release\pythoncore\thread.obj
f:\workspace\codereading\python-3.6.6\pcbuild\obj\36win32_release\pythoncore\sysmodule.obj
f:\gitclonerepos\yxfcodeup\readpython3.6\pcbuild\obj\36win32_release\pythoncore\vc141.pdb
f:\gitclonerepos\yxfcodeup\readpython3.6\pcbuild\obj\36win32_release\pythoncore\_struct.obj
f:\gitclonerepos\yxfcodeup\readpython3.6\pcbuild\obj\36win32_release\pythoncore\_stat.obj
f:\gitclonerepos\yxfcodeup\readpython3.6\pcbuild\obj\36win32_release\pythoncore\_sre.obj
f:\gitclonerepos\yxfcodeup\readpython3.6\pcbuild\obj\36win32_release\pythoncore\sha3module.obj
f:\gitclonerepos\yxfcodeup\readpython3.6\pcbuild\obj\36win32_release\pythoncore\_randommodule.obj
f:\gitclonerepos\yxfcodeup\readpython3.6\pcbuild\obj\36win32_release\pythoncore\_pickle.obj
f:\gitclonerepos\yxfcodeup\readpython3.6\pcbuild\obj\36win32_release\pythoncore\_math.obj
f:\gitclonerepos\yxfcodeup\readpython3.6\pcbuild\obj\36win32_release\pythoncore\_lsprof.obj
f:\gitclonerepos\yxfcodeup\readpython3.6\pcbuild\obj\36win32_release\pythoncore\_localemodule.obj
f:\gitclonerepos\yxfcodeup\readpython3.6\pcbuild\obj\36win32_release\pythoncore\_json.obj
f:\gitclonerepos\yxfcodeup\readpython3.6\pcbuild\obj\36win32_release\pythoncore\_heapqmodule.obj
f:\gitclonerepos\yxfcodeup\readpython3.6\pcbuild\obj\36win32_release\pythoncore\_functoolsmodule.obj
f:\gitclonerepos\yxfcodeup\readpython3.6\pcbuild\obj\36win32_release\pythoncore\_csv.obj
f:\gitclonerepos\yxfcodeup\readpython3.6\pcbuild\obj\36win32_release\pythoncore\_collectionsmodule.obj
f:\gitclonerepos\yxfcodeup\readpython3.6\pcbuild\obj\36win32_release\pythoncore\_codecsmodule.obj
f:\gitclonerepos\yxfcodeup\readpython3.6\pcbuild\obj\36win32_release\pythoncore\blake2s_impl.obj
f:\gitclonerepos\yxfcodeup\readpython3.6\pcbuild\obj\36win32_release\pythoncore\blake2b_impl.obj
f:\gitclonerepos\yxfcodeup\readpython3.6\pcbuild\obj\36win32_release\pythoncore\blake2module.obj
f:\gitclonerepos\yxfcodeup\readpython3.6\pcbuild\obj\36win32_release\pythoncore\_bisectmodule.obj
f:\gitclonerepos\yxfcodeup\readpython3.6\pcbuild\obj\36win32_release\pythoncore\_asynciomodule.obj
f:\gitclonerepos\yxfcodeup\readpython3.6\pcbuild\obj\36win32_release\pythoncore\posixmodule.obj
f:\gitclonerepos\yxfcodeup\readpython3.6\pcbuild\obj\36win32_release\pythoncore\parsermodule.obj
f:\gitclonerepos\yxfcodeup\readpython3.6\pcbuild\obj\36win32_release\pythoncore\_operator.obj
f:\gitclonerepos\yxfcodeup\readpython3.6\pcbuild\obj\36win32_release\pythoncore\_opcode.obj
f:\gitclonerepos\yxfcodeup\readpython3.6\pcbuild\obj\36win32_release\pythoncore\mmapmodule.obj
f:\gitclonerepos\yxfcodeup\readpython3.6\pcbuild\obj\36win32_release\pythoncore\md5module.obj
f:\gitclonerepos\yxfcodeup\readpython3.6\pcbuild\obj\36win32_release\pythoncore\mathmodule.obj
f:\gitclonerepos\yxfcodeup\readpython3.6\pcbuild\obj\36win32_release\pythoncore\main.obj
f:\gitclonerepos\yxfcodeup\readpython3.6\pcbuild\obj\36win32_release\pythoncore\itertoolsmodule.obj
f:\gitclonerepos\yxfcodeup\readpython3.6\pcbuild\obj\36win32_release\pythoncore\hashtable.obj
f:\gitclonerepos\yxfcodeup\readpython3.6\pcbuild\obj\36win32_release\pythoncore\gcmodule.obj
f:\gitclonerepos\yxfcodeup\readpython3.6\pcbuild\obj\36win32_release\pythoncore\faulthandler.obj
f:\gitclonerepos\yxfcodeup\readpython3.6\pcbuild\obj\36win32_release\pythoncore\errnomodule.obj
f:\gitclonerepos\yxfcodeup\readpython3.6\pcbuild\obj\36win32_release\pythoncore\_datetimemodule.obj
f:\gitclonerepos\yxfcodeup\readpython3.6\pcbuild\obj\36win32_release\pythoncore\cmathmodule.obj
f:\gitclonerepos\yxfcodeup\readpython3.6\pcbuild\obj\36win32_release\pythoncore\binascii.obj
f:\gitclonerepos\yxfcodeup\readpython3.6\pcbuild\obj\36win32_release\pythoncore\audioop.obj
f:\gitclonerepos\yxfcodeup\readpython3.6\pcbuild\obj\36win32_release\pythoncore\atexitmodule.obj
f:\gitclonerepos\yxfcodeup\readpython3.6\pcbuild\obj\36win32_release\pythoncore\arraymodule.obj
f:\gitclonerepos\yxfcodeup\readpython3.6\pcbuild\obj\36win32_release\pythoncore\_weakref.obj
f:\gitclonerepos\yxfcodeup\readpython3.6\pcbuild\obj\36win32_release\pythoncore\_iomodule.obj
f:\gitclonerepos\yxfcodeup\readpython3.6\pcbuild\obj\36win32_release\pythoncore\winconsoleio.obj
f:\gitclonerepos\yxfcodeup\readpython3.6\pcbuild\obj\36win32_release\pythoncore\textio.obj
f:\gitclonerepos\yxfcodeup\readpython3.6\pcbuild\obj\36win32_release\pythoncore\iobase.obj
f:\gitclonerepos\yxfcodeup\readpython3.6\pcbuild\obj\36win32_release\pythoncore\bufferedio.obj
f:\gitclonerepos\yxfcodeup\readpython3.6\pcbuild\obj\36win32_release\pythoncore\stringio.obj
f:\gitclonerepos\yxfcodeup\readpython3.6\pcbuild\obj\36win32_release\pythoncore\bytesio.obj
f:\gitclonerepos\yxfcodeup\readpython3.6\pcbuild\obj\36win32_release\pythoncore\fileio.obj
f:\gitclonerepos\yxfcodeup\readpython3.6\pcbuild\obj\36win32_release\pythoncore\zlibmodule.obj
f:\gitclonerepos\yxfcodeup\readpython3.6\pcbuild\obj\36win32_release\pythoncore\zipimport.obj
f:\gitclonerepos\yxfcodeup\readpython3.6\pcbuild\obj\36win32_release\pythoncore\xxsubtype.obj
f:\gitclonerepos\yxfcodeup\readpython3.6\pcbuild\obj\36win32_release\pythoncore\timemodule.obj
f:\gitclonerepos\yxfcodeup\readpython3.6\pcbuild\obj\36win32_release\pythoncore\_tracemalloc.obj
f:\gitclonerepos\yxfcodeup\readpython3.6\pcbuild\obj\36win32_release\pythoncore\_threadmodule.obj
f:\gitclonerepos\yxfcodeup\readpython3.6\pcbuild\obj\36win32_release\pythoncore\symtablemodule.obj
f:\gitclonerepos\yxfcodeup\readpython3.6\pcbuild\obj\36win32_release\pythoncore\signalmodule.obj
f:\gitclonerepos\yxfcodeup\readpython3.6\pcbuild\obj\36win32_release\pythoncore\sha512module.obj
f:\gitclonerepos\yxfcodeup\readpython3.6\pcbuild\obj\36win32_release\pythoncore\sha256module.obj
f:\gitclonerepos\yxfcodeup\readpython3.6\pcbuild\obj\36win32_release\pythoncore\sha1module.obj
f:\gitclonerepos\yxfcodeup\readpython3.6\pcbuild\obj\36win32_release\pythoncore\rotatingtree.obj
f:\gitclonerepos\yxfcodeup\readpython3.6\pcbuild\obj\36win32_release\pythoncore\abstract.obj
f:\gitclonerepos\yxfcodeup\readpython3.6\pcbuild\obj\36win32_release\pythoncore\_winapi.obj
f:\gitclonerepos\yxfcodeup\readpython3.6\pcbuild\obj\36win32_release\pythoncore\multibytecodec.obj
f:\gitclonerepos\yxfcodeup\readpython3.6\pcbuild\obj\36win32_release\pythoncore\_codecs_tw.obj
f:\gitclonerepos\yxfcodeup\readpython3.6\pcbuild\obj\36win32_release\pythoncore\_codecs_kr.obj
f:\gitclonerepos\yxfcodeup\readpython3.6\pcbuild\obj\36win32_release\pythoncore\_codecs_jp.obj
f:\gitclonerepos\yxfcodeup\readpython3.6\pcbuild\obj\36win32_release\pythoncore\_codecs_iso2022.obj
f:\gitclonerepos\yxfcodeup\readpython3.6\pcbuild\obj\36win32_release\pythoncore\_codecs_hk.obj
f:\gitclonerepos\yxfcodeup\readpython3.6\pcbuild\obj\36win32_release\pythoncore\_codecs_cn.obj
f:\gitclonerepos\yxfcodeup\readpython3.6\pcbuild\obj\36win32_release\pythoncore\zutil.obj
f:\gitclonerepos\yxfcodeup\readpython3.6\pcbuild\obj\36win32_release\pythoncore\uncompr.obj
f:\gitclonerepos\yxfcodeup\readpython3.6\pcbuild\obj\36win32_release\pythoncore\trees.obj
f:\gitclonerepos\yxfcodeup\readpython3.6\pcbuild\obj\36win32_release\pythoncore\inftrees.obj
f:\gitclonerepos\yxfcodeup\readpython3.6\pcbuild\obj\36win32_release\pythoncore\inflate.obj
f:\gitclonerepos\yxfcodeup\readpython3.6\pcbuild\obj\36win32_release\pythoncore\inffast.obj
f:\gitclonerepos\yxfcodeup\readpython3.6\pcbuild\obj\36win32_release\pythoncore\infback.obj
f:\gitclonerepos\yxfcodeup\readpython3.6\pcbuild\obj\36win32_release\pythoncore\deflate.obj
f:\gitclonerepos\yxfcodeup\readpython3.6\pcbuild\obj\36win32_release\pythoncore\crc32.obj
f:\gitclonerepos\yxfcodeup\readpython3.6\pcbuild\obj\36win32_release\pythoncore\compress.obj
f:\gitclonerepos\yxfcodeup\readpython3.6\pcbuild\obj\36win32_release\pythoncore\adler32.obj
f:\gitclonerepos\yxfcodeup\readpython3.6\pcbuild\obj\36win32_release\pythoncore\iterobject.obj
f:\gitclonerepos\yxfcodeup\readpython3.6\pcbuild\obj\36win32_release\pythoncore\genobject.obj
f:\gitclonerepos\yxfcodeup\readpython3.6\pcbuild\obj\36win32_release\pythoncore\funcobject.obj
f:\gitclonerepos\yxfcodeup\readpython3.6\pcbuild\obj\36win32_release\pythoncore\frameobject.obj
f:\gitclonerepos\yxfcodeup\readpython3.6\pcbuild\obj\36win32_release\pythoncore\floatobject.obj
f:\gitclonerepos\yxfcodeup\readpython3.6\pcbuild\obj\36win32_release\pythoncore\fileobject.obj
f:\gitclonerepos\yxfcodeup\readpython3.6\pcbuild\obj\36win32_release\pythoncore\exceptions.obj
f:\gitclonerepos\yxfcodeup\readpython3.6\pcbuild\obj\36win32_release\pythoncore\enumobject.obj
f:\gitclonerepos\yxfcodeup\readpython3.6\pcbuild\obj\36win32_release\pythoncore\dictobject.obj
f:\gitclonerepos\yxfcodeup\readpython3.6\pcbuild\obj\36win32_release\pythoncore\descrobject.obj
f:\gitclonerepos\yxfcodeup\readpython3.6\pcbuild\obj\36win32_release\pythoncore\complexobject.obj
f:\gitclonerepos\yxfcodeup\readpython3.6\pcbuild\obj\36win32_release\pythoncore\codeobject.obj
f:\gitclonerepos\yxfcodeup\readpython3.6\pcbuild\obj\36win32_release\pythoncore\classobject.obj
f:\gitclonerepos\yxfcodeup\readpython3.6\pcbuild\obj\36win32_release\pythoncore\cellobject.obj
f:\gitclonerepos\yxfcodeup\readpython3.6\pcbuild\obj\36win32_release\pythoncore\capsule.obj
f:\gitclonerepos\yxfcodeup\readpython3.6\pcbuild\obj\36win32_release\pythoncore\bytesobject.obj
f:\gitclonerepos\yxfcodeup\readpython3.6\pcbuild\obj\36win32_release\pythoncore\bytearrayobject.obj
f:\gitclonerepos\yxfcodeup\readpython3.6\pcbuild\obj\36win32_release\pythoncore\bytes_methods.obj
f:\gitclonerepos\yxfcodeup\readpython3.6\pcbuild\obj\36win32_release\pythoncore\boolobject.obj
f:\gitclonerepos\yxfcodeup\readpython3.6\pcbuild\obj\36win32_release\pythoncore\accu.obj
f:\gitclonerepos\yxfcodeup\readpython3.6\pcbuild\obj\36win32_release\pythoncore\bitset.obj
f:\gitclonerepos\yxfcodeup\readpython3.6\pcbuild\obj\36win32_release\pythoncore\acceler.obj
f:\gitclonerepos\yxfcodeup\readpython3.6\pcbuild\obj\36win32_release\pythoncore\weakrefobject.obj
f:\gitclonerepos\yxfcodeup\readpython3.6\pcbuild\obj\36win32_release\pythoncore\unicodeobject.obj
f:\gitclonerepos\yxfcodeup\readpython3.6\pcbuild\obj\36win32_release\pythoncore\unicodectype.obj
f:\gitclonerepos\yxfcodeup\readpython3.6\pcbuild\obj\36win32_release\pythoncore\typeobject.obj
f:\gitclonerepos\yxfcodeup\readpython3.6\pcbuild\obj\36win32_release\pythoncore\tupleobject.obj
f:\gitclonerepos\yxfcodeup\readpython3.6\pcbuild\obj\36win32_release\pythoncore\structseq.obj
f:\gitclonerepos\yxfcodeup\readpython3.6\pcbuild\obj\36win32_release\pythoncore\sliceobject.obj
f:\gitclonerepos\yxfcodeup\readpython3.6\pcbuild\obj\36win32_release\pythoncore\setobject.obj
f:\gitclonerepos\yxfcodeup\readpython3.6\pcbuild\obj\36win32_release\pythoncore\rangeobject.obj
f:\gitclonerepos\yxfcodeup\readpython3.6\pcbuild\obj\36win32_release\pythoncore\odictobject.obj
f:\gitclonerepos\yxfcodeup\readpython3.6\pcbuild\obj\36win32_release\pythoncore\obmalloc.obj
f:\gitclonerepos\yxfcodeup\readpython3.6\pcbuild\obj\36win32_release\pythoncore\object.obj
f:\gitclonerepos\yxfcodeup\readpython3.6\pcbuild\obj\36win32_release\pythoncore\namespaceobject.obj
f:\gitclonerepos\yxfcodeup\readpython3.6\pcbuild\obj\36win32_release\pythoncore\moduleobject.obj
f:\gitclonerepos\yxfcodeup\readpython3.6\pcbuild\obj\36win32_release\pythoncore\methodobject.obj
f:\gitclonerepos\yxfcodeup\readpython3.6\pcbuild\obj\36win32_release\pythoncore\memoryobject.obj
f:\gitclonerepos\yxfcodeup\readpython3.6\pcbuild\obj\36win32_release\pythoncore\longobject.obj
f:\gitclonerepos\yxfcodeup\readpython3.6\pcbuild\obj\36win32_release\pythoncore\listobject.obj
f:\gitclonerepos\yxfcodeup\readpython3.6\pcbuild\obj\36win32_release\pythoncore\ast.obj
f:\gitclonerepos\yxfcodeup\readpython3.6\pcbuild\obj\36win32_release\pythoncore\asdl.obj
f:\gitclonerepos\yxfcodeup\readpython3.6\pcbuild\obj\36win32_release\pythoncore\_warnings.obj
f:\gitclonerepos\yxfcodeup\readpython3.6\pcbuild\obj\36win32_release\pythoncore\random.obj
f:\gitclonerepos\yxfcodeup\readpython3.6\pcbuild\obj\36win32_release\pythoncore\pyhash.obj
f:\gitclonerepos\yxfcodeup\readpython3.6\pcbuild\obj\36win32_release\pythoncore\msvcrtmodule.obj
f:\gitclonerepos\yxfcodeup\readpython3.6\pcbuild\obj\36win32_release\pythoncore\getpathp.obj
f:\gitclonerepos\yxfcodeup\readpython3.6\pcbuild\obj\36win32_release\pythoncore\config.obj
f:\gitclonerepos\yxfcodeup\readpython3.6\pcbuild\obj\36win32_release\pythoncore\winreg.obj
f:\gitclonerepos\yxfcodeup\readpython3.6\pcbuild\obj\36win32_release\pythoncore\invalid_parameter_handler.obj
f:\gitclonerepos\yxfcodeup\readpython3.6\pcbuild\obj\36win32_release\pythoncore\tokenizer.obj
f:\gitclonerepos\yxfcodeup\readpython3.6\pcbuild\obj\36win32_release\pythoncore\parsetok.obj
f:\gitclonerepos\yxfcodeup\readpython3.6\pcbuild\obj\36win32_release\pythoncore\parser.obj
f:\gitclonerepos\yxfcodeup\readpython3.6\pcbuild\obj\36win32_release\pythoncore\node.obj
f:\gitclonerepos\yxfcodeup\readpython3.6\pcbuild\obj\36win32_release\pythoncore\myreadline.obj
f:\gitclonerepos\yxfcodeup\readpython3.6\pcbuild\obj\36win32_release\pythoncore\metagrammar.obj
f:\gitclonerepos\yxfcodeup\readpython3.6\pcbuild\obj\36win32_release\pythoncore\listnode.obj
f:\gitclonerepos\yxfcodeup\readpython3.6\pcbuild\obj\36win32_release\pythoncore\grammar1.obj
f:\gitclonerepos\yxfcodeup\readpython3.6\pcbuild\obj\36win32_release\pythoncore\grammar.obj
f:\gitclonerepos\yxfcodeup\readpython3.6\pcbuild\obj\36win32_release\pythoncore\firstsets.obj
f:\gitclonerepos\yxfcodeup\readpython3.6\pcbuild\obj\36win32_release\pythoncore\importdl.obj
f:\gitclonerepos\yxfcodeup\readpython3.6\pcbuild\obj\36win32_release\pythoncore\import.obj
f:\gitclonerepos\yxfcodeup\readpython3.6\pcbuild\obj\36win32_release\pythoncore\graminit.obj
f:\gitclonerepos\yxfcodeup\readpython3.6\pcbuild\obj\36win32_release\pythoncore\getversion.obj
f:\gitclonerepos\yxfcodeup\readpython3.6\pcbuild\obj\36win32_release\pythoncore\getplatform.obj
f:\gitclonerepos\yxfcodeup\readpython3.6\pcbuild\obj\36win32_release\pythoncore\getopt.obj
f:\gitclonerepos\yxfcodeup\readpython3.6\pcbuild\obj\36win32_release\pythoncore\getcopyright.obj
f:\gitclonerepos\yxfcodeup\readpython3.6\pcbuild\obj\36win32_release\pythoncore\getcompiler.obj
f:\gitclonerepos\yxfcodeup\readpython3.6\pcbuild\obj\36win32_release\pythoncore\getargs.obj
f:\gitclonerepos\yxfcodeup\readpython3.6\pcbuild\obj\36win32_release\pythoncore\future.obj
f:\gitclonerepos\yxfcodeup\readpython3.6\pcbuild\obj\36win32_release\pythoncore\frozen.obj
f:\gitclonerepos\yxfcodeup\readpython3.6\pcbuild\obj\36win32_release\pythoncore\formatter_unicode.obj
f:\gitclonerepos\yxfcodeup\readpython3.6\pcbuild\obj\36win32_release\pythoncore\fileutils.obj
f:\gitclonerepos\yxfcodeup\readpython3.6\pcbuild\obj\36win32_release\pythoncore\errors.obj
f:\gitclonerepos\yxfcodeup\readpython3.6\pcbuild\obj\36win32_release\pythoncore\dynload_win.obj
f:\gitclonerepos\yxfcodeup\readpython3.6\pcbuild\obj\36win32_release\pythoncore\dynamic_annotations.obj
f:\gitclonerepos\yxfcodeup\readpython3.6\pcbuild\obj\36win32_release\pythoncore\compile.obj
f:\gitclonerepos\yxfcodeup\readpython3.6\pcbuild\obj\36win32_release\pythoncore\codecs.obj
f:\gitclonerepos\yxfcodeup\readpython3.6\pcbuild\obj\36win32_release\pythoncore\ceval.obj
f:\gitclonerepos\yxfcodeup\readpython3.6\pcbuild\obj\36win32_release\pythoncore\bltinmodule.obj
f:\gitclonerepos\yxfcodeup\readpython3.6\pcbuild\obj\36win32_release\pythoncore\symtable.obj
f:\gitclonerepos\yxfcodeup\readpython3.6\pcbuild\obj\36win32_release\pythoncore\structmember.obj
f:\gitclonerepos\yxfcodeup\readpython3.6\pcbuild\obj\36win32_release\pythoncore\pythonrun.obj
f:\gitclonerepos\yxfcodeup\readpython3.6\pcbuild\obj\36win32_release\pythoncore\python-ast.obj
f:\gitclonerepos\yxfcodeup\readpython3.6\pcbuild\obj\36win32_release\pythoncore\dtoa.obj
f:\gitclonerepos\yxfcodeup\readpython3.6\pcbuild\obj\36win32_release\pythoncore\pystrtod.obj
f:\gitclonerepos\yxfcodeup\readpython3.6\pcbuild\obj\36win32_release\pythoncore\pystrhex.obj
f:\gitclonerepos\yxfcodeup\readpython3.6\pcbuild\obj\36win32_release\pythoncore\pystrcmp.obj
f:\gitclonerepos\yxfcodeup\readpython3.6\pcbuild\obj\36win32_release\pythoncore\pystate.obj
f:\gitclonerepos\yxfcodeup\readpython3.6\pcbuild\obj\36win32_release\pythoncore\pytime.obj
f:\gitclonerepos\yxfcodeup\readpython3.6\pcbuild\obj\36win32_release\pythoncore\pymath.obj
f:\gitclonerepos\yxfcodeup\readpython3.6\pcbuild\obj\36win32_release\pythoncore\pylifecycle.obj
f:\gitclonerepos\yxfcodeup\readpython3.6\pcbuild\obj\36win32_release\pythoncore\pyfpe.obj
f:\gitclonerepos\yxfcodeup\readpython3.6\pcbuild\obj\36win32_release\pythoncore\pyctype.obj
f:\gitclonerepos\yxfcodeup\readpython3.6\pcbuild\obj\36win32_release\pythoncore\pyarena.obj
f:\gitclonerepos\yxfcodeup\readpython3.6\pcbuild\obj\36win32_release\pythoncore\peephole.obj
f:\gitclonerepos\yxfcodeup\readpython3.6\pcbuild\obj\36win32_release\pythoncore\mystrtoul.obj
f:\gitclonerepos\yxfcodeup\readpython3.6\pcbuild\obj\36win32_release\pythoncore\mysnprintf.obj
f:\gitclonerepos\yxfcodeup\readpython3.6\pcbuild\obj\36win32_release\pythoncore\modsupport.obj
f:\gitclonerepos\yxfcodeup\readpython3.6\pcbuild\obj\36win32_release\pythoncore\marshal.obj
f:\gitclonerepos\yxfcodeup\readpython3.6\pcbuild\obj\36win32_release\pythoncore\dl_nt.obj
f:\gitclonerepos\yxfcodeup\readpython3.6\pcbuild\obj\36win32_release\pythoncore\traceback.obj
f:\gitclonerepos\yxfcodeup\readpython3.6\pcbuild\obj\36win32_release\pythoncore\thread.obj
f:\gitclonerepos\yxfcodeup\readpython3.6\pcbuild\obj\36win32_release\pythoncore\sysmodule.obj
f:\gitclonerepos\yxfcodeup\readpython3.6\pcbuild\obj\36win32_release\pythoncore\getbuildinfo.obj
f:\gitclonerepos\yxfcodeup\readpython3.6\pcbuild\win32\python36.dll
f:\gitclonerepos\yxfcodeup\readpython3.6\pcbuild\win32\python36.pdb
f:\gitclonerepos\yxfcodeup\readpython3.6\pcbuild\win32\python36.lib
f:\gitclonerepos\yxfcodeup\readpython3.6\pcbuild\win32\python36.exp
f:\gitclonerepos\yxfcodeup\readpython3.6\pcbuild\obj\36win32_release\pythoncore\python_nt.res
f:\gitclonerepos\yxfcodeup\readpython3.6\pcbuild\obj\36win32_release\pythoncore\pythoncore.tlog\cl.command.1.tlog
f:\gitclonerepos\yxfcodeup\readpython3.6\pcbuild\obj\36win32_release\pythoncore\pythoncore.tlog\cl.read.1.tlog
f:\gitclonerepos\yxfcodeup\readpython3.6\pcbuild\obj\36win32_release\pythoncore\pythoncore.tlog\cl.write.1.tlog
f:\gitclonerepos\yxfcodeup\readpython3.6\pcbuild\obj\36win32_release\pythoncore\pythoncore.tlog\link.command.1.tlog
f:\gitclonerepos\yxfcodeup\readpython3.6\pcbuild\obj\36win32_release\pythoncore\pythoncore.tlog\link.read.1.tlog
f:\gitclonerepos\yxfcodeup\readpython3.6\pcbuild\obj\36win32_release\pythoncore\pythoncore.tlog\link.write.1.tlog
f:\gitclonerepos\yxfcodeup\readpython3.6\pcbuild\obj\36win32_release\pythoncore\pythoncore.tlog\pythoncore.write.1u.tlog
f:\gitclonerepos\yxfcodeup\readpython3.6\pcbuild\obj\36win32_release\pythoncore\pythoncore.tlog\rc.command.1.tlog
f:\gitclonerepos\yxfcodeup\readpython3.6\pcbuild\obj\36win32_release\pythoncore\pythoncore.tlog\rc.read.1.tlog
f:\gitclonerepos\yxfcodeup\readpython3.6\pcbuild\obj\36win32_release\pythoncore\pythoncore.tlog\rc.write.1.tlog
