  tuklib_cpucores.c
  tuklib_physmem.c
f:\workspace\codereading\python-3.6.6\externals\xz-5.2.2\src\common\tuklib_physmem.c(82): warning C4996: 'GetVersion': 被声明为已否决
  d:\windows kits\10\include\10.0.17134.0\um\sysinfoapi.h(135): note: 参见“GetVersion”的声明
f:\workspace\codereading\python-3.6.6\externals\xz-5.2.2\src\common\tuklib_physmem.c(89): warning C4113: “FARPROC”和“BOOL (__cdecl *)(LPMEMORYSTATUSEX)”的参数列表不同
f:\workspace\codereading\python-3.6.6\externals\xz-5.2.2\src\common\tuklib_physmem.c(89): warning C4133: “初始化”: 从“FARPROC”到“BOOL (__cdecl *)(LPMEMORYSTATUSEX)”的类型不兼容
  check.c
  crc32_fast.c
  crc32_table.c
  crc64_fast.c
f:\workspace\codereading\python-3.6.6\externals\xz-5.2.2\src\liblzma\check\crc64_fast.c(52): warning C4244: “初始化”: 从“uint64_t”转换到“const uint32_t”，可能丢失数据
  crc64_table.c
  sha256.c
  alone_decoder.c
f:\workspace\codereading\python-3.6.6\externals\xz-5.2.2\src\liblzma\lz\lz_decoder.h(133): warning C4267: “初始化”: 从“size_t”转换到“uint32_t”，可能丢失数据
f:\workspace\codereading\python-3.6.6\externals\xz-5.2.2\src\liblzma\lz\lz_decoder.h(159): warning C4267: “初始化”: 从“size_t”转换到“const uint32_t”，可能丢失数据
f:\workspace\codereading\python-3.6.6\externals\xz-5.2.2\src\liblzma\lz\lz_decoder.h(161): warning C4267: “初始化”: 从“size_t”转换到“uint32_t”，可能丢失数据
  alone_encoder.c
  auto_decoder.c
  block_buffer_decoder.c
  block_buffer_encoder.c
f:\workspace\codereading\python-3.6.6\externals\xz-5.2.2\src\liblzma\common\block_buffer_encoder.c(147): warning C4267: “=”: 从“size_t”转换到“uint8_t”，可能丢失数据
  block_decoder.c
  block_encoder.c
  block_header_decoder.c
  block_header_encoder.c
f:\workspace\codereading\python-3.6.6\externals\xz-5.2.2\src\liblzma\common\block_header_encoder.c(85): warning C4267: “=”: 从“size_t”转换到“uint8_t”，可能丢失数据
  block_util.c
  common.c
  easy_buffer_encoder.c
  正在生成代码...
  正在编译...
  easy_decoder_memusage.c
  easy_encoder.c
  easy_encoder_memusage.c
  easy_preset.c
  filter_buffer_decoder.c
  filter_buffer_encoder.c
  filter_common.c
  filter_decoder.c
  filter_encoder.c
  filter_flags_decoder.c
  filter_flags_encoder.c
  hardware_cputhreads.c
  hardware_physmem.c
  index.c
f:\workspace\codereading\python-3.6.6\externals\xz-5.2.2\src\liblzma\common\index.c(769): warning C4028: 形参 1 与声明不同
f:\workspace\codereading\python-3.6.6\externals\xz-5.2.2\src\liblzma\common\index.c(769): warning C4028: 形参 2 与声明不同
  index_decoder.c
  index_encoder.c
  index_hash.c
  outqueue.c
  stream_buffer_decoder.c
  stream_buffer_encoder.c
  正在生成代码...
  正在编译...
  stream_decoder.c
  stream_encoder.c
  stream_encoder_mt.c
  stream_flags_common.c
  stream_flags_decoder.c
  stream_flags_encoder.c
  vli_decoder.c
f:\workspace\codereading\python-3.6.6\externals\xz-5.2.2\src\liblzma\common\vli_decoder.c(20): warning C4028: 形参 1 与声明不同
f:\workspace\codereading\python-3.6.6\externals\xz-5.2.2\src\liblzma\common\vli_decoder.c(20): warning C4028: 形参 3 与声明不同
f:\workspace\codereading\python-3.6.6\externals\xz-5.2.2\src\liblzma\common\vli_decoder.c(20): warning C4028: 形参 4 与声明不同
  vli_encoder.c
f:\workspace\codereading\python-3.6.6\externals\xz-5.2.2\src\liblzma\common\vli_encoder.c(20): warning C4028: 形参 3 与声明不同
f:\workspace\codereading\python-3.6.6\externals\xz-5.2.2\src\liblzma\common\vli_encoder.c(20): warning C4028: 形参 4 与声明不同
  vli_size.c
  delta_common.c
  delta_decoder.c
  delta_encoder.c
  fastpos_table.c
  lzma2_decoder.c
f:\workspace\codereading\python-3.6.6\externals\xz-5.2.2\src\liblzma\lz\lz_decoder.h(133): warning C4267: “初始化”: 从“size_t”转换到“uint32_t”，可能丢失数据
f:\workspace\codereading\python-3.6.6\externals\xz-5.2.2\src\liblzma\lz\lz_decoder.h(159): warning C4267: “初始化”: 从“size_t”转换到“const uint32_t”，可能丢失数据
f:\workspace\codereading\python-3.6.6\externals\xz-5.2.2\src\liblzma\lz\lz_decoder.h(161): warning C4267: “初始化”: 从“size_t”转换到“uint32_t”，可能丢失数据
  lzma2_encoder.c
f:\workspace\codereading\python-3.6.6\externals\xz-5.2.2\src\liblzma\lzma\lzma2_encoder.c(85): warning C4267: “+=”: 从“size_t”转换到“uint8_t”，可能丢失数据
f:\workspace\codereading\python-3.6.6\externals\xz-5.2.2\src\liblzma\lzma\lzma2_encoder.c(91): warning C4267: “=”: 从“size_t”转换到“uint8_t”，可能丢失数据
f:\workspace\codereading\python-3.6.6\externals\xz-5.2.2\src\liblzma\lzma\lzma2_encoder.c(126): warning C4267: “=”: 从“size_t”转换到“uint8_t”，可能丢失数据
f:\workspace\codereading\python-3.6.6\externals\xz-5.2.2\src\liblzma\lzma\lzma2_encoder.c(167): warning C4267: “初始化”: 从“size_t”转换到“const uint32_t”，可能丢失数据
  lzma_decoder.c
f:\workspace\codereading\python-3.6.6\externals\xz-5.2.2\src\liblzma\lz\lz_decoder.h(133): warning C4267: “初始化”: 从“size_t”转换到“uint32_t”，可能丢失数据
f:\workspace\codereading\python-3.6.6\externals\xz-5.2.2\src\liblzma\lz\lz_decoder.h(159): warning C4267: “初始化”: 从“size_t”转换到“const uint32_t”，可能丢失数据
f:\workspace\codereading\python-3.6.6\externals\xz-5.2.2\src\liblzma\lz\lz_decoder.h(161): warning C4267: “初始化”: 从“size_t”转换到“uint32_t”，可能丢失数据
  lzma_encoder.c
  lzma_encoder_optimum_fast.c
  lzma_encoder_optimum_normal.c
  lzma_encoder_presets.c
  正在生成代码...
  正在编译...
  lz_decoder.c
f:\workspace\codereading\python-3.6.6\externals\xz-5.2.2\src\liblzma\lz\lz_decoder.h(133): warning C4267: “初始化”: 从“size_t”转换到“uint32_t”，可能丢失数据
f:\workspace\codereading\python-3.6.6\externals\xz-5.2.2\src\liblzma\lz\lz_decoder.h(159): warning C4267: “初始化”: 从“size_t”转换到“const uint32_t”，可能丢失数据
f:\workspace\codereading\python-3.6.6\externals\xz-5.2.2\src\liblzma\lz\lz_decoder.h(161): warning C4267: “初始化”: 从“size_t”转换到“uint32_t”，可能丢失数据
  lz_encoder.c
f:\workspace\codereading\python-3.6.6\externals\xz-5.2.2\src\liblzma\lz\lz_encoder.c(111): warning C4267: “=”: 从“size_t”转换到“uint32_t”，可能丢失数据
f:\workspace\codereading\python-3.6.6\externals\xz-5.2.2\src\liblzma\lz\lz_encoder.c(203): warning C4267: “=”: 从“size_t”转换到“uint32_t”，可能丢失数据
f:\workspace\codereading\python-3.6.6\externals\xz-5.2.2\src\liblzma\lz\lz_encoder.c(206): warning C4267: “=”: 从“size_t”转换到“uint32_t”，可能丢失数据
f:\workspace\codereading\python-3.6.6\externals\xz-5.2.2\src\liblzma\lz\lz_encoder.c(224): warning C4267: “+=”: 从“size_t”转换到“uint32_t”，可能丢失数据
f:\workspace\codereading\python-3.6.6\externals\xz-5.2.2\src\liblzma\lz\lz_encoder.c(237): warning C4267: “=”: 从“size_t”转换到“uint32_t”，可能丢失数据
f:\workspace\codereading\python-3.6.6\externals\xz-5.2.2\src\liblzma\lz\lz_encoder.c(238): warning C4267: “=”: 从“size_t”转换到“uint32_t”，可能丢失数据
f:\workspace\codereading\python-3.6.6\externals\xz-5.2.2\src\liblzma\lz\lz_encoder.c(255): warning C4267: “=”: 从“size_t”转换到“uint32_t”，可能丢失数据
f:\workspace\codereading\python-3.6.6\externals\xz-5.2.2\src\liblzma\lz\lz_encoder.c(308): warning C4267: “=”: 从“size_t”转换到“uint32_t”，可能丢失数据
f:\workspace\codereading\python-3.6.6\externals\xz-5.2.2\src\liblzma\lz\lz_encoder.c(219): warning C4267: “初始化”: 从“size_t”转换到“uint32_t”，可能丢失数据
  lz_encoder_mf.c
f:\workspace\codereading\python-3.6.6\externals\xz-5.2.2\src\liblzma\lz\lz_encoder_mf.c(333): warning C4244: “=”: 从“__int64”转换到“uint32_t”，可能丢失数据
f:\workspace\codereading\python-3.6.6\externals\xz-5.2.2\src\liblzma\lz\lz_encoder_mf.c(412): warning C4244: “=”: 从“__int64”转换到“uint32_t”，可能丢失数据
f:\workspace\codereading\python-3.6.6\externals\xz-5.2.2\src\liblzma\lz\lz_encoder_mf.c(596): warning C4244: “=”: 从“__int64”转换到“uint32_t”，可能丢失数据
f:\workspace\codereading\python-3.6.6\externals\xz-5.2.2\src\liblzma\lz\lz_encoder_mf.c(648): warning C4244: “=”: 从“__int64”转换到“uint32_t”，可能丢失数据
f:\workspace\codereading\python-3.6.6\externals\xz-5.2.2\src\liblzma\lz\lz_encoder_mf.c(721): warning C4244: “=”: 从“__int64”转换到“uint32_t”，可能丢失数据
  price_table.c
  arm.c
  armthumb.c
  ia64.c
  powerpc.c
  simple_coder.c
f:\workspace\codereading\python-3.6.6\externals\xz-5.2.2\src\liblzma\simple\simple_coder.c(63): warning C4267: “+=”: 从“size_t”转换到“uint32_t”，可能丢失数据
  simple_decoder.c
  simple_encoder.c
  sparc.c
  x86.c
  正在生成代码...
  liblzma.vcxproj -> F:\Workspace\CodeReading\Python-3.6.6\PCBuild\amd64\liblzma_d.lib
