f:\workspace\codereading\python-3.6.6\pcbuild\obj\36win32_debug\pythoncore\vc141.pdb
f:\workspace\codereading\python-3.6.6\pcbuild\obj\36win32_debug\pythoncore\_struct.obj
f:\workspace\codereading\python-3.6.6\pcbuild\obj\36win32_debug\pythoncore\_stat.obj
f:\workspace\codereading\python-3.6.6\pcbuild\obj\36win32_debug\pythoncore\_sre.obj
f:\workspace\codereading\python-3.6.6\pcbuild\obj\36win32_debug\pythoncore\sha3module.obj
f:\workspace\codereading\python-3.6.6\pcbuild\obj\36win32_debug\pythoncore\_randommodule.obj
f:\workspace\codereading\python-3.6.6\pcbuild\obj\36win32_debug\pythoncore\_pickle.obj
f:\workspace\codereading\python-3.6.6\pcbuild\obj\36win32_debug\pythoncore\_math.obj
f:\workspace\codereading\python-3.6.6\pcbuild\obj\36win32_debug\pythoncore\_lsprof.obj
f:\workspace\codereading\python-3.6.6\pcbuild\obj\36win32_debug\pythoncore\_localemodule.obj
f:\workspace\codereading\python-3.6.6\pcbuild\obj\36win32_debug\pythoncore\_json.obj
f:\workspace\codereading\python-3.6.6\pcbuild\obj\36win32_debug\pythoncore\_heapqmodule.obj
f:\workspace\codereading\python-3.6.6\pcbuild\obj\36win32_debug\pythoncore\_functoolsmodule.obj
f:\workspace\codereading\python-3.6.6\pcbuild\obj\36win32_debug\pythoncore\_csv.obj
f:\workspace\codereading\python-3.6.6\pcbuild\obj\36win32_debug\pythoncore\_collectionsmodule.obj
f:\workspace\codereading\python-3.6.6\pcbuild\obj\36win32_debug\pythoncore\_codecsmodule.obj
f:\workspace\codereading\python-3.6.6\pcbuild\obj\36win32_debug\pythoncore\blake2s_impl.obj
f:\workspace\codereading\python-3.6.6\pcbuild\obj\36win32_debug\pythoncore\blake2b_impl.obj
f:\workspace\codereading\python-3.6.6\pcbuild\obj\36win32_debug\pythoncore\blake2module.obj
f:\workspace\codereading\python-3.6.6\pcbuild\obj\36win32_debug\pythoncore\_bisectmodule.obj
f:\workspace\codereading\python-3.6.6\pcbuild\obj\36win32_debug\pythoncore\_asynciomodule.obj
f:\workspace\codereading\python-3.6.6\pcbuild\obj\36win32_debug\pythoncore\posixmodule.obj
f:\workspace\codereading\python-3.6.6\pcbuild\obj\36win32_debug\pythoncore\parsermodule.obj
f:\workspace\codereading\python-3.6.6\pcbuild\obj\36win32_debug\pythoncore\_operator.obj
f:\workspace\codereading\python-3.6.6\pcbuild\obj\36win32_debug\pythoncore\_opcode.obj
f:\workspace\codereading\python-3.6.6\pcbuild\obj\36win32_debug\pythoncore\mmapmodule.obj
f:\workspace\codereading\python-3.6.6\pcbuild\obj\36win32_debug\pythoncore\md5module.obj
f:\workspace\codereading\python-3.6.6\pcbuild\obj\36win32_debug\pythoncore\mathmodule.obj
f:\workspace\codereading\python-3.6.6\pcbuild\obj\36win32_debug\pythoncore\main.obj
f:\workspace\codereading\python-3.6.6\pcbuild\obj\36win32_debug\pythoncore\itertoolsmodule.obj
f:\workspace\codereading\python-3.6.6\pcbuild\obj\36win32_debug\pythoncore\hashtable.obj
f:\workspace\codereading\python-3.6.6\pcbuild\obj\36win32_debug\pythoncore\gcmodule.obj
f:\workspace\codereading\python-3.6.6\pcbuild\obj\36win32_debug\pythoncore\faulthandler.obj
f:\workspace\codereading\python-3.6.6\pcbuild\obj\36win32_debug\pythoncore\errnomodule.obj
f:\workspace\codereading\python-3.6.6\pcbuild\obj\36win32_debug\pythoncore\_datetimemodule.obj
f:\workspace\codereading\python-3.6.6\pcbuild\obj\36win32_debug\pythoncore\cmathmodule.obj
f:\workspace\codereading\python-3.6.6\pcbuild\obj\36win32_debug\pythoncore\binascii.obj
f:\workspace\codereading\python-3.6.6\pcbuild\obj\36win32_debug\pythoncore\audioop.obj
f:\workspace\codereading\python-3.6.6\pcbuild\obj\36win32_debug\pythoncore\atexitmodule.obj
f:\workspace\codereading\python-3.6.6\pcbuild\obj\36win32_debug\pythoncore\arraymodule.obj
f:\workspace\codereading\python-3.6.6\pcbuild\obj\36win32_debug\pythoncore\_weakref.obj
f:\workspace\codereading\python-3.6.6\pcbuild\obj\36win32_debug\pythoncore\winconsoleio.obj
f:\workspace\codereading\python-3.6.6\pcbuild\obj\36win32_debug\pythoncore\textio.obj
f:\workspace\codereading\python-3.6.6\pcbuild\obj\36win32_debug\pythoncore\iobase.obj
f:\workspace\codereading\python-3.6.6\pcbuild\obj\36win32_debug\pythoncore\bufferedio.obj
f:\workspace\codereading\python-3.6.6\pcbuild\obj\36win32_debug\pythoncore\stringio.obj
f:\workspace\codereading\python-3.6.6\pcbuild\obj\36win32_debug\pythoncore\bytesio.obj
f:\workspace\codereading\python-3.6.6\pcbuild\obj\36win32_debug\pythoncore\fileio.obj
f:\workspace\codereading\python-3.6.6\pcbuild\obj\36win32_debug\pythoncore\zlibmodule.obj
f:\workspace\codereading\python-3.6.6\pcbuild\obj\36win32_debug\pythoncore\zipimport.obj
f:\workspace\codereading\python-3.6.6\pcbuild\obj\36win32_debug\pythoncore\xxsubtype.obj
f:\workspace\codereading\python-3.6.6\pcbuild\obj\36win32_debug\pythoncore\timemodule.obj
f:\workspace\codereading\python-3.6.6\pcbuild\obj\36win32_debug\pythoncore\_tracemalloc.obj
f:\workspace\codereading\python-3.6.6\pcbuild\obj\36win32_debug\pythoncore\_threadmodule.obj
f:\workspace\codereading\python-3.6.6\pcbuild\obj\36win32_debug\pythoncore\symtablemodule.obj
f:\workspace\codereading\python-3.6.6\pcbuild\obj\36win32_debug\pythoncore\signalmodule.obj
f:\workspace\codereading\python-3.6.6\pcbuild\obj\36win32_debug\pythoncore\sha512module.obj
f:\workspace\codereading\python-3.6.6\pcbuild\obj\36win32_debug\pythoncore\sha256module.obj
f:\workspace\codereading\python-3.6.6\pcbuild\obj\36win32_debug\pythoncore\sha1module.obj
f:\workspace\codereading\python-3.6.6\pcbuild\obj\36win32_debug\pythoncore\rotatingtree.obj
f:\workspace\codereading\python-3.6.6\pcbuild\obj\36win32_debug\pythoncore\abstract.obj
f:\workspace\codereading\python-3.6.6\pcbuild\obj\36win32_debug\pythoncore\_winapi.obj
f:\workspace\codereading\python-3.6.6\pcbuild\obj\36win32_debug\pythoncore\multibytecodec.obj
f:\workspace\codereading\python-3.6.6\pcbuild\obj\36win32_debug\pythoncore\_codecs_tw.obj
f:\workspace\codereading\python-3.6.6\pcbuild\obj\36win32_debug\pythoncore\_codecs_kr.obj
f:\workspace\codereading\python-3.6.6\pcbuild\obj\36win32_debug\pythoncore\_codecs_jp.obj
f:\workspace\codereading\python-3.6.6\pcbuild\obj\36win32_debug\pythoncore\_codecs_iso2022.obj
f:\workspace\codereading\python-3.6.6\pcbuild\obj\36win32_debug\pythoncore\_codecs_hk.obj
f:\workspace\codereading\python-3.6.6\pcbuild\obj\36win32_debug\pythoncore\_codecs_cn.obj
f:\workspace\codereading\python-3.6.6\pcbuild\obj\36win32_debug\pythoncore\zutil.obj
f:\workspace\codereading\python-3.6.6\pcbuild\obj\36win32_debug\pythoncore\uncompr.obj
f:\workspace\codereading\python-3.6.6\pcbuild\obj\36win32_debug\pythoncore\trees.obj
f:\workspace\codereading\python-3.6.6\pcbuild\obj\36win32_debug\pythoncore\inftrees.obj
f:\workspace\codereading\python-3.6.6\pcbuild\obj\36win32_debug\pythoncore\inflate.obj
f:\workspace\codereading\python-3.6.6\pcbuild\obj\36win32_debug\pythoncore\inffast.obj
f:\workspace\codereading\python-3.6.6\pcbuild\obj\36win32_debug\pythoncore\infback.obj
f:\workspace\codereading\python-3.6.6\pcbuild\obj\36win32_debug\pythoncore\deflate.obj
f:\workspace\codereading\python-3.6.6\pcbuild\obj\36win32_debug\pythoncore\crc32.obj
f:\workspace\codereading\python-3.6.6\pcbuild\obj\36win32_debug\pythoncore\compress.obj
f:\workspace\codereading\python-3.6.6\pcbuild\obj\36win32_debug\pythoncore\adler32.obj
f:\workspace\codereading\python-3.6.6\pcbuild\obj\36win32_debug\pythoncore\iterobject.obj
f:\workspace\codereading\python-3.6.6\pcbuild\obj\36win32_debug\pythoncore\genobject.obj
f:\workspace\codereading\python-3.6.6\pcbuild\obj\36win32_debug\pythoncore\funcobject.obj
f:\workspace\codereading\python-3.6.6\pcbuild\obj\36win32_debug\pythoncore\frameobject.obj
f:\workspace\codereading\python-3.6.6\pcbuild\obj\36win32_debug\pythoncore\floatobject.obj
f:\workspace\codereading\python-3.6.6\pcbuild\obj\36win32_debug\pythoncore\fileobject.obj
f:\workspace\codereading\python-3.6.6\pcbuild\obj\36win32_debug\pythoncore\exceptions.obj
f:\workspace\codereading\python-3.6.6\pcbuild\obj\36win32_debug\pythoncore\enumobject.obj
f:\workspace\codereading\python-3.6.6\pcbuild\obj\36win32_debug\pythoncore\dictobject.obj
f:\workspace\codereading\python-3.6.6\pcbuild\obj\36win32_debug\pythoncore\descrobject.obj
f:\workspace\codereading\python-3.6.6\pcbuild\obj\36win32_debug\pythoncore\complexobject.obj
f:\workspace\codereading\python-3.6.6\pcbuild\obj\36win32_debug\pythoncore\codeobject.obj
f:\workspace\codereading\python-3.6.6\pcbuild\obj\36win32_debug\pythoncore\classobject.obj
f:\workspace\codereading\python-3.6.6\pcbuild\obj\36win32_debug\pythoncore\cellobject.obj
f:\workspace\codereading\python-3.6.6\pcbuild\obj\36win32_debug\pythoncore\capsule.obj
f:\workspace\codereading\python-3.6.6\pcbuild\obj\36win32_debug\pythoncore\bytesobject.obj
f:\workspace\codereading\python-3.6.6\pcbuild\obj\36win32_debug\pythoncore\bytearrayobject.obj
f:\workspace\codereading\python-3.6.6\pcbuild\obj\36win32_debug\pythoncore\bytes_methods.obj
f:\workspace\codereading\python-3.6.6\pcbuild\obj\36win32_debug\pythoncore\boolobject.obj
f:\workspace\codereading\python-3.6.6\pcbuild\obj\36win32_debug\pythoncore\accu.obj
f:\workspace\codereading\python-3.6.6\pcbuild\obj\36win32_debug\pythoncore\bitset.obj
f:\workspace\codereading\python-3.6.6\pcbuild\obj\36win32_debug\pythoncore\acceler.obj
f:\workspace\codereading\python-3.6.6\pcbuild\obj\36win32_debug\pythoncore\weakrefobject.obj
f:\workspace\codereading\python-3.6.6\pcbuild\obj\36win32_debug\pythoncore\unicodeobject.obj
f:\workspace\codereading\python-3.6.6\pcbuild\obj\36win32_debug\pythoncore\unicodectype.obj
f:\workspace\codereading\python-3.6.6\pcbuild\obj\36win32_debug\pythoncore\typeobject.obj
f:\workspace\codereading\python-3.6.6\pcbuild\obj\36win32_debug\pythoncore\tupleobject.obj
f:\workspace\codereading\python-3.6.6\pcbuild\obj\36win32_debug\pythoncore\structseq.obj
f:\workspace\codereading\python-3.6.6\pcbuild\obj\36win32_debug\pythoncore\sliceobject.obj
f:\workspace\codereading\python-3.6.6\pcbuild\obj\36win32_debug\pythoncore\setobject.obj
f:\workspace\codereading\python-3.6.6\pcbuild\obj\36win32_debug\pythoncore\rangeobject.obj
f:\workspace\codereading\python-3.6.6\pcbuild\obj\36win32_debug\pythoncore\odictobject.obj
f:\workspace\codereading\python-3.6.6\pcbuild\obj\36win32_debug\pythoncore\obmalloc.obj
f:\workspace\codereading\python-3.6.6\pcbuild\obj\36win32_debug\pythoncore\object.obj
f:\workspace\codereading\python-3.6.6\pcbuild\obj\36win32_debug\pythoncore\namespaceobject.obj
f:\workspace\codereading\python-3.6.6\pcbuild\obj\36win32_debug\pythoncore\moduleobject.obj
f:\workspace\codereading\python-3.6.6\pcbuild\obj\36win32_debug\pythoncore\methodobject.obj
f:\workspace\codereading\python-3.6.6\pcbuild\obj\36win32_debug\pythoncore\memoryobject.obj
f:\workspace\codereading\python-3.6.6\pcbuild\obj\36win32_debug\pythoncore\longobject.obj
f:\workspace\codereading\python-3.6.6\pcbuild\obj\36win32_debug\pythoncore\listobject.obj
f:\workspace\codereading\python-3.6.6\pcbuild\obj\36win32_debug\pythoncore\ast.obj
f:\workspace\codereading\python-3.6.6\pcbuild\obj\36win32_debug\pythoncore\asdl.obj
f:\workspace\codereading\python-3.6.6\pcbuild\obj\36win32_debug\pythoncore\_warnings.obj
f:\workspace\codereading\python-3.6.6\pcbuild\obj\36win32_debug\pythoncore\random.obj
f:\workspace\codereading\python-3.6.6\pcbuild\obj\36win32_debug\pythoncore\pyhash.obj
f:\workspace\codereading\python-3.6.6\pcbuild\obj\36win32_debug\pythoncore\msvcrtmodule.obj
f:\workspace\codereading\python-3.6.6\pcbuild\obj\36win32_debug\pythoncore\getpathp.obj
f:\workspace\codereading\python-3.6.6\pcbuild\obj\36win32_debug\pythoncore\config.obj
f:\workspace\codereading\python-3.6.6\pcbuild\obj\36win32_debug\pythoncore\winreg.obj
f:\workspace\codereading\python-3.6.6\pcbuild\obj\36win32_debug\pythoncore\invalid_parameter_handler.obj
f:\workspace\codereading\python-3.6.6\pcbuild\obj\36win32_debug\pythoncore\tokenizer.obj
f:\workspace\codereading\python-3.6.6\pcbuild\obj\36win32_debug\pythoncore\parsetok.obj
f:\workspace\codereading\python-3.6.6\pcbuild\obj\36win32_debug\pythoncore\parser.obj
f:\workspace\codereading\python-3.6.6\pcbuild\obj\36win32_debug\pythoncore\node.obj
f:\workspace\codereading\python-3.6.6\pcbuild\obj\36win32_debug\pythoncore\myreadline.obj
f:\workspace\codereading\python-3.6.6\pcbuild\obj\36win32_debug\pythoncore\metagrammar.obj
f:\workspace\codereading\python-3.6.6\pcbuild\obj\36win32_debug\pythoncore\listnode.obj
f:\workspace\codereading\python-3.6.6\pcbuild\obj\36win32_debug\pythoncore\grammar1.obj
f:\workspace\codereading\python-3.6.6\pcbuild\obj\36win32_debug\pythoncore\grammar.obj
f:\workspace\codereading\python-3.6.6\pcbuild\obj\36win32_debug\pythoncore\firstsets.obj
f:\workspace\codereading\python-3.6.6\pcbuild\obj\36win32_debug\pythoncore\importdl.obj
f:\workspace\codereading\python-3.6.6\pcbuild\obj\36win32_debug\pythoncore\import.obj
f:\workspace\codereading\python-3.6.6\pcbuild\obj\36win32_debug\pythoncore\graminit.obj
f:\workspace\codereading\python-3.6.6\pcbuild\obj\36win32_debug\pythoncore\getversion.obj
f:\workspace\codereading\python-3.6.6\pcbuild\obj\36win32_debug\pythoncore\getplatform.obj
f:\workspace\codereading\python-3.6.6\pcbuild\obj\36win32_debug\pythoncore\getopt.obj
f:\workspace\codereading\python-3.6.6\pcbuild\obj\36win32_debug\pythoncore\getcopyright.obj
f:\workspace\codereading\python-3.6.6\pcbuild\obj\36win32_debug\pythoncore\getcompiler.obj
f:\workspace\codereading\python-3.6.6\pcbuild\obj\36win32_debug\pythoncore\getargs.obj
f:\workspace\codereading\python-3.6.6\pcbuild\obj\36win32_debug\pythoncore\future.obj
f:\workspace\codereading\python-3.6.6\pcbuild\obj\36win32_debug\pythoncore\frozen.obj
f:\workspace\codereading\python-3.6.6\pcbuild\obj\36win32_debug\pythoncore\formatter_unicode.obj
f:\workspace\codereading\python-3.6.6\pcbuild\obj\36win32_debug\pythoncore\fileutils.obj
f:\workspace\codereading\python-3.6.6\pcbuild\obj\36win32_debug\pythoncore\errors.obj
f:\workspace\codereading\python-3.6.6\pcbuild\obj\36win32_debug\pythoncore\dynload_win.obj
f:\workspace\codereading\python-3.6.6\pcbuild\obj\36win32_debug\pythoncore\dynamic_annotations.obj
f:\workspace\codereading\python-3.6.6\pcbuild\obj\36win32_debug\pythoncore\compile.obj
f:\workspace\codereading\python-3.6.6\pcbuild\obj\36win32_debug\pythoncore\codecs.obj
f:\workspace\codereading\python-3.6.6\pcbuild\obj\36win32_debug\pythoncore\ceval.obj
f:\workspace\codereading\python-3.6.6\pcbuild\obj\36win32_debug\pythoncore\bltinmodule.obj
f:\workspace\codereading\python-3.6.6\pcbuild\obj\36win32_debug\pythoncore\symtable.obj
f:\workspace\codereading\python-3.6.6\pcbuild\obj\36win32_debug\pythoncore\structmember.obj
f:\workspace\codereading\python-3.6.6\pcbuild\obj\36win32_debug\pythoncore\pythonrun.obj
f:\workspace\codereading\python-3.6.6\pcbuild\obj\36win32_debug\pythoncore\python-ast.obj
f:\workspace\codereading\python-3.6.6\pcbuild\obj\36win32_debug\pythoncore\dtoa.obj
f:\workspace\codereading\python-3.6.6\pcbuild\obj\36win32_debug\pythoncore\pystrtod.obj
f:\workspace\codereading\python-3.6.6\pcbuild\obj\36win32_debug\pythoncore\pystrhex.obj
f:\workspace\codereading\python-3.6.6\pcbuild\obj\36win32_debug\pythoncore\pystrcmp.obj
f:\workspace\codereading\python-3.6.6\pcbuild\obj\36win32_debug\pythoncore\pystate.obj
f:\workspace\codereading\python-3.6.6\pcbuild\obj\36win32_debug\pythoncore\pytime.obj
f:\workspace\codereading\python-3.6.6\pcbuild\obj\36win32_debug\pythoncore\pymath.obj
f:\workspace\codereading\python-3.6.6\pcbuild\obj\36win32_debug\pythoncore\pylifecycle.obj
f:\workspace\codereading\python-3.6.6\pcbuild\obj\36win32_debug\pythoncore\pyfpe.obj
f:\workspace\codereading\python-3.6.6\pcbuild\obj\36win32_debug\pythoncore\pyctype.obj
f:\workspace\codereading\python-3.6.6\pcbuild\obj\36win32_debug\pythoncore\pyarena.obj
f:\workspace\codereading\python-3.6.6\pcbuild\obj\36win32_debug\pythoncore\peephole.obj
f:\workspace\codereading\python-3.6.6\pcbuild\obj\36win32_debug\pythoncore\mystrtoul.obj
f:\workspace\codereading\python-3.6.6\pcbuild\obj\36win32_debug\pythoncore\mysnprintf.obj
f:\workspace\codereading\python-3.6.6\pcbuild\obj\36win32_debug\pythoncore\modsupport.obj
f:\workspace\codereading\python-3.6.6\pcbuild\obj\36win32_debug\pythoncore\marshal.obj
f:\workspace\codereading\python-3.6.6\pcbuild\obj\36win32_debug\pythoncore\dl_nt.obj
f:\workspace\codereading\python-3.6.6\pcbuild\obj\36win32_debug\pythoncore\traceback.obj
f:\workspace\codereading\python-3.6.6\pcbuild\obj\36win32_debug\pythoncore\thread.obj
f:\workspace\codereading\python-3.6.6\pcbuild\obj\36win32_debug\pythoncore\sysmodule.obj
f:\gitclonerepos\github\mine\readpython3.6\pcbuild\obj\36win32_debug\pythoncore\vc141.pdb
f:\gitclonerepos\github\mine\readpython3.6\pcbuild\obj\36win32_debug\pythoncore\_struct.obj
f:\gitclonerepos\github\mine\readpython3.6\pcbuild\obj\36win32_debug\pythoncore\_stat.obj
f:\gitclonerepos\github\mine\readpython3.6\pcbuild\obj\36win32_debug\pythoncore\_sre.obj
f:\gitclonerepos\github\mine\readpython3.6\pcbuild\obj\36win32_debug\pythoncore\sha3module.obj
f:\gitclonerepos\github\mine\readpython3.6\pcbuild\obj\36win32_debug\pythoncore\_randommodule.obj
f:\gitclonerepos\github\mine\readpython3.6\pcbuild\obj\36win32_debug\pythoncore\_pickle.obj
f:\gitclonerepos\github\mine\readpython3.6\pcbuild\obj\36win32_debug\pythoncore\_math.obj
f:\gitclonerepos\github\mine\readpython3.6\pcbuild\obj\36win32_debug\pythoncore\_lsprof.obj
f:\gitclonerepos\github\mine\readpython3.6\pcbuild\obj\36win32_debug\pythoncore\_localemodule.obj
f:\gitclonerepos\github\mine\readpython3.6\pcbuild\obj\36win32_debug\pythoncore\_json.obj
f:\gitclonerepos\github\mine\readpython3.6\pcbuild\obj\36win32_debug\pythoncore\_heapqmodule.obj
f:\gitclonerepos\github\mine\readpython3.6\pcbuild\obj\36win32_debug\pythoncore\_functoolsmodule.obj
f:\gitclonerepos\github\mine\readpython3.6\pcbuild\obj\36win32_debug\pythoncore\_csv.obj
f:\gitclonerepos\github\mine\readpython3.6\pcbuild\obj\36win32_debug\pythoncore\_collectionsmodule.obj
f:\gitclonerepos\github\mine\readpython3.6\pcbuild\obj\36win32_debug\pythoncore\_codecsmodule.obj
f:\gitclonerepos\github\mine\readpython3.6\pcbuild\obj\36win32_debug\pythoncore\blake2s_impl.obj
f:\gitclonerepos\github\mine\readpython3.6\pcbuild\obj\36win32_debug\pythoncore\blake2b_impl.obj
f:\gitclonerepos\github\mine\readpython3.6\pcbuild\obj\36win32_debug\pythoncore\blake2module.obj
f:\gitclonerepos\github\mine\readpython3.6\pcbuild\obj\36win32_debug\pythoncore\_bisectmodule.obj
f:\gitclonerepos\github\mine\readpython3.6\pcbuild\obj\36win32_debug\pythoncore\_asynciomodule.obj
f:\gitclonerepos\github\mine\readpython3.6\pcbuild\obj\36win32_debug\pythoncore\posixmodule.obj
f:\gitclonerepos\github\mine\readpython3.6\pcbuild\obj\36win32_debug\pythoncore\parsermodule.obj
f:\gitclonerepos\github\mine\readpython3.6\pcbuild\obj\36win32_debug\pythoncore\_operator.obj
f:\gitclonerepos\github\mine\readpython3.6\pcbuild\obj\36win32_debug\pythoncore\_opcode.obj
f:\gitclonerepos\github\mine\readpython3.6\pcbuild\obj\36win32_debug\pythoncore\mmapmodule.obj
f:\gitclonerepos\github\mine\readpython3.6\pcbuild\obj\36win32_debug\pythoncore\md5module.obj
f:\gitclonerepos\github\mine\readpython3.6\pcbuild\obj\36win32_debug\pythoncore\mathmodule.obj
f:\gitclonerepos\github\mine\readpython3.6\pcbuild\obj\36win32_debug\pythoncore\main.obj
f:\gitclonerepos\github\mine\readpython3.6\pcbuild\obj\36win32_debug\pythoncore\itertoolsmodule.obj
f:\gitclonerepos\github\mine\readpython3.6\pcbuild\obj\36win32_debug\pythoncore\hashtable.obj
f:\gitclonerepos\github\mine\readpython3.6\pcbuild\obj\36win32_debug\pythoncore\gcmodule.obj
f:\gitclonerepos\github\mine\readpython3.6\pcbuild\obj\36win32_debug\pythoncore\faulthandler.obj
f:\gitclonerepos\github\mine\readpython3.6\pcbuild\obj\36win32_debug\pythoncore\errnomodule.obj
f:\gitclonerepos\github\mine\readpython3.6\pcbuild\obj\36win32_debug\pythoncore\_datetimemodule.obj
f:\gitclonerepos\github\mine\readpython3.6\pcbuild\obj\36win32_debug\pythoncore\cmathmodule.obj
f:\gitclonerepos\github\mine\readpython3.6\pcbuild\obj\36win32_debug\pythoncore\binascii.obj
f:\gitclonerepos\github\mine\readpython3.6\pcbuild\obj\36win32_debug\pythoncore\audioop.obj
f:\gitclonerepos\github\mine\readpython3.6\pcbuild\obj\36win32_debug\pythoncore\atexitmodule.obj
f:\gitclonerepos\github\mine\readpython3.6\pcbuild\obj\36win32_debug\pythoncore\arraymodule.obj
f:\gitclonerepos\github\mine\readpython3.6\pcbuild\obj\36win32_debug\pythoncore\_weakref.obj
f:\gitclonerepos\github\mine\readpython3.6\pcbuild\obj\36win32_debug\pythoncore\winconsoleio.obj
f:\gitclonerepos\github\mine\readpython3.6\pcbuild\obj\36win32_debug\pythoncore\textio.obj
f:\gitclonerepos\github\mine\readpython3.6\pcbuild\obj\36win32_debug\pythoncore\iobase.obj
f:\gitclonerepos\github\mine\readpython3.6\pcbuild\obj\36win32_debug\pythoncore\bufferedio.obj
f:\gitclonerepos\github\mine\readpython3.6\pcbuild\obj\36win32_debug\pythoncore\stringio.obj
f:\gitclonerepos\github\mine\readpython3.6\pcbuild\obj\36win32_debug\pythoncore\bytesio.obj
f:\gitclonerepos\github\mine\readpython3.6\pcbuild\obj\36win32_debug\pythoncore\fileio.obj
f:\gitclonerepos\github\mine\readpython3.6\pcbuild\obj\36win32_debug\pythoncore\zlibmodule.obj
f:\gitclonerepos\github\mine\readpython3.6\pcbuild\obj\36win32_debug\pythoncore\zipimport.obj
f:\gitclonerepos\github\mine\readpython3.6\pcbuild\obj\36win32_debug\pythoncore\xxsubtype.obj
f:\gitclonerepos\github\mine\readpython3.6\pcbuild\obj\36win32_debug\pythoncore\timemodule.obj
f:\gitclonerepos\github\mine\readpython3.6\pcbuild\obj\36win32_debug\pythoncore\_tracemalloc.obj
f:\gitclonerepos\github\mine\readpython3.6\pcbuild\obj\36win32_debug\pythoncore\_threadmodule.obj
f:\gitclonerepos\github\mine\readpython3.6\pcbuild\obj\36win32_debug\pythoncore\symtablemodule.obj
f:\gitclonerepos\github\mine\readpython3.6\pcbuild\obj\36win32_debug\pythoncore\signalmodule.obj
f:\gitclonerepos\github\mine\readpython3.6\pcbuild\obj\36win32_debug\pythoncore\sha512module.obj
f:\gitclonerepos\github\mine\readpython3.6\pcbuild\obj\36win32_debug\pythoncore\sha256module.obj
f:\gitclonerepos\github\mine\readpython3.6\pcbuild\obj\36win32_debug\pythoncore\sha1module.obj
f:\gitclonerepos\github\mine\readpython3.6\pcbuild\obj\36win32_debug\pythoncore\rotatingtree.obj
f:\gitclonerepos\github\mine\readpython3.6\pcbuild\obj\36win32_debug\pythoncore\abstract.obj
f:\gitclonerepos\github\mine\readpython3.6\pcbuild\obj\36win32_debug\pythoncore\_winapi.obj
f:\gitclonerepos\github\mine\readpython3.6\pcbuild\obj\36win32_debug\pythoncore\multibytecodec.obj
f:\gitclonerepos\github\mine\readpython3.6\pcbuild\obj\36win32_debug\pythoncore\_codecs_tw.obj
f:\gitclonerepos\github\mine\readpython3.6\pcbuild\obj\36win32_debug\pythoncore\_codecs_kr.obj
f:\gitclonerepos\github\mine\readpython3.6\pcbuild\obj\36win32_debug\pythoncore\_codecs_jp.obj
f:\gitclonerepos\github\mine\readpython3.6\pcbuild\obj\36win32_debug\pythoncore\_codecs_iso2022.obj
f:\gitclonerepos\github\mine\readpython3.6\pcbuild\obj\36win32_debug\pythoncore\_codecs_hk.obj
f:\gitclonerepos\github\mine\readpython3.6\pcbuild\obj\36win32_debug\pythoncore\_codecs_cn.obj
f:\gitclonerepos\github\mine\readpython3.6\pcbuild\obj\36win32_debug\pythoncore\zutil.obj
f:\gitclonerepos\github\mine\readpython3.6\pcbuild\obj\36win32_debug\pythoncore\uncompr.obj
f:\gitclonerepos\github\mine\readpython3.6\pcbuild\obj\36win32_debug\pythoncore\trees.obj
f:\gitclonerepos\github\mine\readpython3.6\pcbuild\obj\36win32_debug\pythoncore\inftrees.obj
f:\gitclonerepos\github\mine\readpython3.6\pcbuild\obj\36win32_debug\pythoncore\inflate.obj
f:\gitclonerepos\github\mine\readpython3.6\pcbuild\obj\36win32_debug\pythoncore\inffast.obj
f:\gitclonerepos\github\mine\readpython3.6\pcbuild\obj\36win32_debug\pythoncore\infback.obj
f:\gitclonerepos\github\mine\readpython3.6\pcbuild\obj\36win32_debug\pythoncore\deflate.obj
f:\gitclonerepos\github\mine\readpython3.6\pcbuild\obj\36win32_debug\pythoncore\crc32.obj
f:\gitclonerepos\github\mine\readpython3.6\pcbuild\obj\36win32_debug\pythoncore\compress.obj
f:\gitclonerepos\github\mine\readpython3.6\pcbuild\obj\36win32_debug\pythoncore\adler32.obj
f:\gitclonerepos\github\mine\readpython3.6\pcbuild\obj\36win32_debug\pythoncore\iterobject.obj
f:\gitclonerepos\github\mine\readpython3.6\pcbuild\obj\36win32_debug\pythoncore\genobject.obj
f:\gitclonerepos\github\mine\readpython3.6\pcbuild\obj\36win32_debug\pythoncore\funcobject.obj
f:\gitclonerepos\github\mine\readpython3.6\pcbuild\obj\36win32_debug\pythoncore\frameobject.obj
f:\gitclonerepos\github\mine\readpython3.6\pcbuild\obj\36win32_debug\pythoncore\floatobject.obj
f:\gitclonerepos\github\mine\readpython3.6\pcbuild\obj\36win32_debug\pythoncore\fileobject.obj
f:\gitclonerepos\github\mine\readpython3.6\pcbuild\obj\36win32_debug\pythoncore\exceptions.obj
f:\gitclonerepos\github\mine\readpython3.6\pcbuild\obj\36win32_debug\pythoncore\enumobject.obj
f:\gitclonerepos\github\mine\readpython3.6\pcbuild\obj\36win32_debug\pythoncore\dictobject.obj
f:\gitclonerepos\github\mine\readpython3.6\pcbuild\obj\36win32_debug\pythoncore\descrobject.obj
f:\gitclonerepos\github\mine\readpython3.6\pcbuild\obj\36win32_debug\pythoncore\complexobject.obj
f:\gitclonerepos\github\mine\readpython3.6\pcbuild\obj\36win32_debug\pythoncore\codeobject.obj
f:\gitclonerepos\github\mine\readpython3.6\pcbuild\obj\36win32_debug\pythoncore\classobject.obj
f:\gitclonerepos\github\mine\readpython3.6\pcbuild\obj\36win32_debug\pythoncore\cellobject.obj
f:\gitclonerepos\github\mine\readpython3.6\pcbuild\obj\36win32_debug\pythoncore\capsule.obj
f:\gitclonerepos\github\mine\readpython3.6\pcbuild\obj\36win32_debug\pythoncore\bytesobject.obj
f:\gitclonerepos\github\mine\readpython3.6\pcbuild\obj\36win32_debug\pythoncore\bytearrayobject.obj
f:\gitclonerepos\github\mine\readpython3.6\pcbuild\obj\36win32_debug\pythoncore\bytes_methods.obj
f:\gitclonerepos\github\mine\readpython3.6\pcbuild\obj\36win32_debug\pythoncore\boolobject.obj
f:\gitclonerepos\github\mine\readpython3.6\pcbuild\obj\36win32_debug\pythoncore\accu.obj
f:\gitclonerepos\github\mine\readpython3.6\pcbuild\obj\36win32_debug\pythoncore\bitset.obj
f:\gitclonerepos\github\mine\readpython3.6\pcbuild\obj\36win32_debug\pythoncore\acceler.obj
f:\gitclonerepos\github\mine\readpython3.6\pcbuild\obj\36win32_debug\pythoncore\weakrefobject.obj
f:\gitclonerepos\github\mine\readpython3.6\pcbuild\obj\36win32_debug\pythoncore\unicodeobject.obj
f:\gitclonerepos\github\mine\readpython3.6\pcbuild\obj\36win32_debug\pythoncore\unicodectype.obj
f:\gitclonerepos\github\mine\readpython3.6\pcbuild\obj\36win32_debug\pythoncore\typeobject.obj
f:\gitclonerepos\github\mine\readpython3.6\pcbuild\obj\36win32_debug\pythoncore\tupleobject.obj
f:\gitclonerepos\github\mine\readpython3.6\pcbuild\obj\36win32_debug\pythoncore\structseq.obj
f:\gitclonerepos\github\mine\readpython3.6\pcbuild\obj\36win32_debug\pythoncore\sliceobject.obj
f:\gitclonerepos\github\mine\readpython3.6\pcbuild\obj\36win32_debug\pythoncore\setobject.obj
f:\gitclonerepos\github\mine\readpython3.6\pcbuild\obj\36win32_debug\pythoncore\rangeobject.obj
f:\gitclonerepos\github\mine\readpython3.6\pcbuild\obj\36win32_debug\pythoncore\odictobject.obj
f:\gitclonerepos\github\mine\readpython3.6\pcbuild\obj\36win32_debug\pythoncore\obmalloc.obj
f:\gitclonerepos\github\mine\readpython3.6\pcbuild\obj\36win32_debug\pythoncore\object.obj
f:\gitclonerepos\github\mine\readpython3.6\pcbuild\obj\36win32_debug\pythoncore\namespaceobject.obj
f:\gitclonerepos\github\mine\readpython3.6\pcbuild\obj\36win32_debug\pythoncore\moduleobject.obj
f:\gitclonerepos\github\mine\readpython3.6\pcbuild\obj\36win32_debug\pythoncore\methodobject.obj
f:\gitclonerepos\github\mine\readpython3.6\pcbuild\obj\36win32_debug\pythoncore\memoryobject.obj
f:\gitclonerepos\github\mine\readpython3.6\pcbuild\obj\36win32_debug\pythoncore\longobject.obj
f:\gitclonerepos\github\mine\readpython3.6\pcbuild\obj\36win32_debug\pythoncore\listobject.obj
f:\gitclonerepos\github\mine\readpython3.6\pcbuild\obj\36win32_debug\pythoncore\ast.obj
f:\gitclonerepos\github\mine\readpython3.6\pcbuild\obj\36win32_debug\pythoncore\asdl.obj
f:\gitclonerepos\github\mine\readpython3.6\pcbuild\obj\36win32_debug\pythoncore\_warnings.obj
f:\gitclonerepos\github\mine\readpython3.6\pcbuild\obj\36win32_debug\pythoncore\random.obj
f:\gitclonerepos\github\mine\readpython3.6\pcbuild\obj\36win32_debug\pythoncore\pyhash.obj
f:\gitclonerepos\github\mine\readpython3.6\pcbuild\obj\36win32_debug\pythoncore\msvcrtmodule.obj
f:\gitclonerepos\github\mine\readpython3.6\pcbuild\obj\36win32_debug\pythoncore\getpathp.obj
f:\gitclonerepos\github\mine\readpython3.6\pcbuild\obj\36win32_debug\pythoncore\config.obj
f:\gitclonerepos\github\mine\readpython3.6\pcbuild\obj\36win32_debug\pythoncore\winreg.obj
f:\gitclonerepos\github\mine\readpython3.6\pcbuild\obj\36win32_debug\pythoncore\invalid_parameter_handler.obj
f:\gitclonerepos\github\mine\readpython3.6\pcbuild\obj\36win32_debug\pythoncore\tokenizer.obj
f:\gitclonerepos\github\mine\readpython3.6\pcbuild\obj\36win32_debug\pythoncore\parsetok.obj
f:\gitclonerepos\github\mine\readpython3.6\pcbuild\obj\36win32_debug\pythoncore\parser.obj
f:\gitclonerepos\github\mine\readpython3.6\pcbuild\obj\36win32_debug\pythoncore\node.obj
f:\gitclonerepos\github\mine\readpython3.6\pcbuild\obj\36win32_debug\pythoncore\myreadline.obj
f:\gitclonerepos\github\mine\readpython3.6\pcbuild\obj\36win32_debug\pythoncore\metagrammar.obj
f:\gitclonerepos\github\mine\readpython3.6\pcbuild\obj\36win32_debug\pythoncore\listnode.obj
f:\gitclonerepos\github\mine\readpython3.6\pcbuild\obj\36win32_debug\pythoncore\grammar1.obj
f:\gitclonerepos\github\mine\readpython3.6\pcbuild\obj\36win32_debug\pythoncore\grammar.obj
f:\gitclonerepos\github\mine\readpython3.6\pcbuild\obj\36win32_debug\pythoncore\firstsets.obj
f:\gitclonerepos\github\mine\readpython3.6\pcbuild\obj\36win32_debug\pythoncore\importdl.obj
f:\gitclonerepos\github\mine\readpython3.6\pcbuild\obj\36win32_debug\pythoncore\import.obj
f:\gitclonerepos\github\mine\readpython3.6\pcbuild\obj\36win32_debug\pythoncore\graminit.obj
f:\gitclonerepos\github\mine\readpython3.6\pcbuild\obj\36win32_debug\pythoncore\getversion.obj
f:\gitclonerepos\github\mine\readpython3.6\pcbuild\obj\36win32_debug\pythoncore\getplatform.obj
f:\gitclonerepos\github\mine\readpython3.6\pcbuild\obj\36win32_debug\pythoncore\getopt.obj
f:\gitclonerepos\github\mine\readpython3.6\pcbuild\obj\36win32_debug\pythoncore\getcopyright.obj
f:\gitclonerepos\github\mine\readpython3.6\pcbuild\obj\36win32_debug\pythoncore\getcompiler.obj
f:\gitclonerepos\github\mine\readpython3.6\pcbuild\obj\36win32_debug\pythoncore\getargs.obj
f:\gitclonerepos\github\mine\readpython3.6\pcbuild\obj\36win32_debug\pythoncore\future.obj
f:\gitclonerepos\github\mine\readpython3.6\pcbuild\obj\36win32_debug\pythoncore\frozen.obj
f:\gitclonerepos\github\mine\readpython3.6\pcbuild\obj\36win32_debug\pythoncore\formatter_unicode.obj
f:\gitclonerepos\github\mine\readpython3.6\pcbuild\obj\36win32_debug\pythoncore\fileutils.obj
f:\gitclonerepos\github\mine\readpython3.6\pcbuild\obj\36win32_debug\pythoncore\errors.obj
f:\gitclonerepos\github\mine\readpython3.6\pcbuild\obj\36win32_debug\pythoncore\dynload_win.obj
f:\gitclonerepos\github\mine\readpython3.6\pcbuild\obj\36win32_debug\pythoncore\dynamic_annotations.obj
f:\gitclonerepos\github\mine\readpython3.6\pcbuild\obj\36win32_debug\pythoncore\compile.obj
f:\gitclonerepos\github\mine\readpython3.6\pcbuild\obj\36win32_debug\pythoncore\codecs.obj
f:\gitclonerepos\github\mine\readpython3.6\pcbuild\obj\36win32_debug\pythoncore\ceval.obj
f:\gitclonerepos\github\mine\readpython3.6\pcbuild\obj\36win32_debug\pythoncore\bltinmodule.obj
f:\gitclonerepos\github\mine\readpython3.6\pcbuild\obj\36win32_debug\pythoncore\symtable.obj
f:\gitclonerepos\github\mine\readpython3.6\pcbuild\obj\36win32_debug\pythoncore\structmember.obj
f:\gitclonerepos\github\mine\readpython3.6\pcbuild\obj\36win32_debug\pythoncore\pythonrun.obj
f:\gitclonerepos\github\mine\readpython3.6\pcbuild\obj\36win32_debug\pythoncore\python-ast.obj
f:\gitclonerepos\github\mine\readpython3.6\pcbuild\obj\36win32_debug\pythoncore\dtoa.obj
f:\gitclonerepos\github\mine\readpython3.6\pcbuild\obj\36win32_debug\pythoncore\pystrtod.obj
f:\gitclonerepos\github\mine\readpython3.6\pcbuild\obj\36win32_debug\pythoncore\pystrhex.obj
f:\gitclonerepos\github\mine\readpython3.6\pcbuild\obj\36win32_debug\pythoncore\pystrcmp.obj
f:\gitclonerepos\github\mine\readpython3.6\pcbuild\obj\36win32_debug\pythoncore\pystate.obj
f:\gitclonerepos\github\mine\readpython3.6\pcbuild\obj\36win32_debug\pythoncore\pytime.obj
f:\gitclonerepos\github\mine\readpython3.6\pcbuild\obj\36win32_debug\pythoncore\pymath.obj
f:\gitclonerepos\github\mine\readpython3.6\pcbuild\obj\36win32_debug\pythoncore\pylifecycle.obj
f:\gitclonerepos\github\mine\readpython3.6\pcbuild\obj\36win32_debug\pythoncore\pyfpe.obj
f:\gitclonerepos\github\mine\readpython3.6\pcbuild\obj\36win32_debug\pythoncore\pyctype.obj
f:\gitclonerepos\github\mine\readpython3.6\pcbuild\obj\36win32_debug\pythoncore\pyarena.obj
f:\gitclonerepos\github\mine\readpython3.6\pcbuild\obj\36win32_debug\pythoncore\peephole.obj
f:\gitclonerepos\github\mine\readpython3.6\pcbuild\obj\36win32_debug\pythoncore\mystrtoul.obj
f:\gitclonerepos\github\mine\readpython3.6\pcbuild\obj\36win32_debug\pythoncore\mysnprintf.obj
f:\gitclonerepos\github\mine\readpython3.6\pcbuild\obj\36win32_debug\pythoncore\modsupport.obj
f:\gitclonerepos\github\mine\readpython3.6\pcbuild\obj\36win32_debug\pythoncore\marshal.obj
f:\gitclonerepos\github\mine\readpython3.6\pcbuild\obj\36win32_debug\pythoncore\dl_nt.obj
f:\gitclonerepos\github\mine\readpython3.6\pcbuild\obj\36win32_debug\pythoncore\traceback.obj
f:\gitclonerepos\github\mine\readpython3.6\pcbuild\obj\36win32_debug\pythoncore\thread.obj
f:\gitclonerepos\github\mine\readpython3.6\pcbuild\obj\36win32_debug\pythoncore\sysmodule.obj
f:\gitclonerepos\github\mine\readpython3.6\pcbuild\obj\36win32_debug\pythoncore\pythoncore.tlog\cl.command.1.tlog
f:\gitclonerepos\github\mine\readpython3.6\pcbuild\obj\36win32_debug\pythoncore\pythoncore.tlog\cl.read.1.tlog
f:\gitclonerepos\github\mine\readpython3.6\pcbuild\obj\36win32_debug\pythoncore\pythoncore.tlog\cl.write.1.tlog
