  Killing any running python_d.exe instances...
  Getting build info from git
  Building heads/master-dirty:945be73 master
  _asynciomodule.c
  _bisectmodule.c
  blake2module.c
  blake2b_impl.c
  blake2s_impl.c
  _codecsmodule.c
  _collectionsmodule.c
  _csv.c
  _functoolsmodule.c
  _heapqmodule.c
  _json.c
  _localemodule.c
  _lsprof.c
  _math.c
  _pickle.c
  _randommodule.c
  sha3module.c
f:\gitclonerepos\yxfcodeup\readpython3.6\modules\_sha3\kcp\keccaksponge.h : warning C4819: 该文件包含不能在当前代码页(936)中表示的字符。请将该文件保存为 Unicode 格式以防止数据丢失
  _sre.c
  _stat.c
  _struct.c
  正在生成代码...
  正在编译...
  _weakref.c
  arraymodule.c
  atexitmodule.c
  audioop.c
  binascii.c
  cmathmodule.c
  _datetimemodule.c
  errnomodule.c
  faulthandler.c
  gcmodule.c
  hashtable.c
  itertoolsmodule.c
  main.c
  mathmodule.c
  md5module.c
  mmapmodule.c
  _opcode.c
  _operator.c
  parsermodule.c
  posixmodule.c
  正在生成代码...
  正在编译...
  rotatingtree.c
  sha1module.c
  sha256module.c
  sha512module.c
  signalmodule.c
  symtablemodule.c
  _threadmodule.c
  _tracemalloc.c
  timemodule.c
f:\gitclonerepos\yxfcodeup\readpython3.6\modules\timemodule.c(1176): warning C4244: “return”: 从“time_t”转换到“int”，可能丢失数据
  xxsubtype.c
  zipimport.c
  zlibmodule.c
  fileio.c
  bytesio.c
  stringio.c
  bufferedio.c
  iobase.c
  textio.c
  winconsoleio.c
  _iomodule.c
  正在生成代码...
  正在编译...
  adler32.c
  compress.c
  crc32.c
  deflate.c
  infback.c
  inffast.c
  inflate.c
  inftrees.c
  trees.c
  uncompr.c
  zutil.c
  _codecs_cn.c
  _codecs_hk.c
  _codecs_iso2022.c
  _codecs_jp.c
  _codecs_kr.c
  _codecs_tw.c
  multibytecodec.c
  _winapi.c
  abstract.c
  正在生成代码...
  正在编译...
  accu.c
  boolobject.c
  bytes_methods.c
  bytearrayobject.c
  bytesobject.c
  capsule.c
  cellobject.c
  classobject.c
  codeobject.c
  complexobject.c
  descrobject.c
  dictobject.c
  enumobject.c
  exceptions.c
  fileobject.c
  floatobject.c
  frameobject.c
  funcobject.c
  genobject.c
  iterobject.c
  正在生成代码...
  正在编译...
  listobject.c
  longobject.c
  memoryobject.c
  methodobject.c
  moduleobject.c
  namespaceobject.c
  object.c
  obmalloc.c
  odictobject.c
  rangeobject.c
  setobject.c
  sliceobject.c
  structseq.c
  tupleobject.c
  typeobject.c
  unicodectype.c
  unicodeobject.c
  weakrefobject.c
  acceler.c
  bitset.c
  正在生成代码...
  正在编译...
  firstsets.c
  grammar.c
  grammar1.c
  listnode.c
  metagrammar.c
  myreadline.c
  node.c
  parser.c
  parsetok.c
  tokenizer.c
  invalid_parameter_handler.c
  winreg.c
  config.c
  getpathp.c
  msvcrtmodule.c
  pyhash.c
  random.c
  _warnings.c
  asdl.c
  ast.c
  正在生成代码...
  正在编译...
  bltinmodule.c
  ceval.c
  codecs.c
  compile.c
  dynamic_annotations.c
  dynload_win.c
  errors.c
  fileutils.c
  formatter_unicode.c
  frozen.c
  future.c
  getargs.c
  getcompiler.c
  getcopyright.c
  getopt.c
  getplatform.c
  getversion.c
  graminit.c
  import.c
  importdl.c
  正在生成代码...
  正在编译...
  marshal.c
  modsupport.c
  mysnprintf.c
  mystrtoul.c
  peephole.c
  pyarena.c
  pyctype.c
  pyfpe.c
  pylifecycle.c
  pymath.c
  pytime.c
  pystate.c
  pystrcmp.c
  pystrhex.c
  pystrtod.c
  dtoa.c
  Python-ast.c
  pythonrun.c
  structmember.c
  symtable.c
  正在生成代码...
  正在编译...
  sysmodule.c
  thread.c
  traceback.c
  dl_nt.c
  正在生成代码...
  getbuildinfo.c
    正在创建库 F:\gitCloneRepos\yxfcodeup\ReadPython3.6\PCBuild\win32\python36_d.lib 和对象 F:\gitCloneRepos\yxfcodeup\ReadPython3.6\PCBuild\win32\python36_d.exp
  pythoncore.vcxproj -> F:\gitCloneRepos\yxfcodeup\ReadPython3.6\PCBuild\win32\python36_d.dll
