  64 bit Processing ..\PC\pyshellext.idl
  pyshellext.idl
  64 bit Processing D:\Windows Kits\10\Include\10.0.17134.0\um\ocidl.idl
  ocidl.idl
  64 bit Processing D:\Windows Kits\10\Include\10.0.17134.0\um\oleidl.idl
  oleidl.idl
  64 bit Processing D:\Windows Kits\10\Include\10.0.17134.0\um\objidl.idl
  objidl.idl
  64 bit Processing D:\Windows Kits\10\Include\10.0.17134.0\um\unknwn.idl
  unknwn.idl
  64 bit Processing D:\Windows Kits\10\Include\10.0.17134.0\shared\wtypes.idl
  wtypes.idl
  64 bit Processing D:\Windows Kits\10\Include\10.0.17134.0\shared\wtypesbase.idl
  wtypesbase.idl
  64 bit Processing D:\Windows Kits\10\Include\10.0.17134.0\shared\basetsd.h
  basetsd.h
  64 bit Processing D:\Windows Kits\10\Include\10.0.17134.0\shared\guiddef.h
  guiddef.h
  64 bit Processing D:\Windows Kits\10\Include\10.0.17134.0\um\oaidl.idl
  oaidl.idl
  64 bit Processing D:\Windows Kits\10\Include\10.0.17134.0\um\servprov.idl
  servprov.idl
  64 bit Processing D:\Windows Kits\10\Include\10.0.17134.0\um\urlmon.idl
  urlmon.idl
  64 bit Processing D:\Windows Kits\10\Include\10.0.17134.0\um\msxml.idl
  msxml.idl
  64 bit Processing D:\Windows Kits\10\Include\10.0.17134.0\um\oaidl.acf
  oaidl.acf
  64 bit Processing D:\Windows Kits\10\Include\10.0.17134.0\um\ocidl.acf
  ocidl.acf
  pyshellext.cpp
  pyshellext_i.c
    正在创建库 F:\Workspace\CodeReading\Python-3.6.6\PCBuild\amd64\pyshellext_d.lib 和对象 F:\Workspace\CodeReading\Python-3.6.6\PCBuild\amd64\pyshellext_d.exp
  pyshellext.vcxproj -> F:\Workspace\CodeReading\Python-3.6.6\PCBuild\amd64\pyshellext_d.dll
