  Killing any running python_d.exe instances...
  Getting build info from git
  fatal: not a git repository (or any of the parent directories): .git
F:\Workspace\CodeReading\Python-3.6.6\PCbuild\pythoncore.vcxproj(420,5): warning MSB3073: 命令“git name-rev --name-only HEAD > "F:\Workspace\CodeReading\Python-3.6.6\PCbuild\obj\36amd64_Debug\pythoncore\gitbranch.txt"”已退出，代码为 128。
  fatal: not a git repository (or any of the parent directories): .git
F:\Workspace\CodeReading\Python-3.6.6\PCbuild\pythoncore.vcxproj(421,5): warning MSB3073: 命令“git rev-parse --short HEAD > "F:\Workspace\CodeReading\Python-3.6.6\PCbuild\obj\36amd64_Debug\pythoncore\gitversion.txt"”已退出，代码为 128。
  fatal: not a git repository (or any of the parent directories): .git
F:\Workspace\CodeReading\Python-3.6.6\PCbuild\pythoncore.vcxproj(422,5): warning MSB3073: 命令“git describe --all --always --dirty > "F:\Workspace\CodeReading\Python-3.6.6\PCbuild\obj\36amd64_Debug\pythoncore\gittag.txt"”已退出，代码为 128。
  Building : 
  _asynciomodule.c
  _bisectmodule.c
  blake2module.c
  blake2b_impl.c
  blake2s_impl.c
  _codecsmodule.c
  _collectionsmodule.c
  _csv.c
  _functoolsmodule.c
  _heapqmodule.c
  _json.c
  _localemodule.c
  _lsprof.c
  _math.c
  _pickle.c
  _randommodule.c
  sha3module.c
f:\workspace\codereading\python-3.6.6\modules\_sha3\kcp\keccaksponge.h : warning C4819: 该文件包含不能在当前代码页(936)中表示的字符。请将该文件保存为 Unicode 格式以防止数据丢失
  _sre.c
  _stat.c
  _struct.c
  正在生成代码...
  正在编译...
  _weakref.c
  arraymodule.c
  atexitmodule.c
  audioop.c
  binascii.c
  cmathmodule.c
  _datetimemodule.c
  errnomodule.c
  faulthandler.c
  gcmodule.c
f:\workspace\codereading\python-3.6.6\modules\gcmodule.c(1075): warning C4244: “函数”: 从“Py_ssize_t”转换到“int”，可能丢失数据
  hashtable.c
  itertoolsmodule.c
  main.c
  mathmodule.c
  md5module.c
  mmapmodule.c
  _opcode.c
  _operator.c
  parsermodule.c
  posixmodule.c
  正在生成代码...
  正在编译...
  rotatingtree.c
  sha1module.c
  sha256module.c
  sha512module.c
  signalmodule.c
  symtablemodule.c
  _threadmodule.c
  _tracemalloc.c
  timemodule.c
f:\workspace\codereading\python-3.6.6\modules\timemodule.c(1176): warning C4244: “return”: 从“time_t”转换到“int”，可能丢失数据
  xxsubtype.c
  zipimport.c
  zlibmodule.c
f:\workspace\codereading\python-3.6.6\modules\zlibmodule.c(145): warning C4267: “=”: 从“size_t”转换到“uInt”，可能丢失数据
f:\workspace\codereading\python-3.6.6\modules\zlibmodule.c(180): warning C4267: “=”: 从“size_t”转换到“uInt”，可能丢失数据
  fileio.c
  bytesio.c
  stringio.c
  bufferedio.c
  iobase.c
  textio.c
  winconsoleio.c
  _iomodule.c
d:\windows kits\10\include\10.0.17134.0\um\winnt.h(154): fatal error C1189: #error:  "No Target Architecture"
  正在生成代码...
  正在编译...
  adler32.c
  compress.c
  crc32.c
  deflate.c
  infback.c
  inffast.c
  inflate.c
  inftrees.c
  trees.c
  uncompr.c
  zutil.c
  _codecs_cn.c
  _codecs_hk.c
  _codecs_iso2022.c
  _codecs_jp.c
  _codecs_kr.c
  _codecs_tw.c
  multibytecodec.c
  _winapi.c
  abstract.c
  正在生成代码...
  正在编译...
  accu.c
  boolobject.c
  bytes_methods.c
  bytearrayobject.c
  bytesobject.c
  capsule.c
  cellobject.c
  classobject.c
  codeobject.c
f:\workspace\codereading\python-3.6.6\objects\codeobject.c(170): warning C4244: “=”: 从“Py_ssize_t”转换到“unsigned char”，可能丢失数据
  complexobject.c
  descrobject.c
  dictobject.c
  enumobject.c
  exceptions.c
  fileobject.c
  floatobject.c
  frameobject.c
  funcobject.c
f:\workspace\codereading\python-3.6.6\objects\funcobject.c(607): warning C4244: “函数”: 从“Py_ssize_t”转换到“int”，可能丢失数据
f:\workspace\codereading\python-3.6.6\objects\funcobject.c(608): warning C4244: “函数”: 从“Py_ssize_t”转换到“int”，可能丢失数据
  genobject.c
  iterobject.c
  正在生成代码...
  正在编译...
  listobject.c
  longobject.c
  memoryobject.c
  methodobject.c
  moduleobject.c
  namespaceobject.c
  object.c
  obmalloc.c
  odictobject.c
  rangeobject.c
  setobject.c
  sliceobject.c
  structseq.c
  tupleobject.c
  typeobject.c
  unicodectype.c
  unicodeobject.c
  weakrefobject.c
  acceler.c
  bitset.c
  正在生成代码...
  正在编译...
  firstsets.c
  grammar.c
  grammar1.c
  listnode.c
  metagrammar.c
  myreadline.c
  node.c
  parser.c
  parsetok.c
  tokenizer.c
  invalid_parameter_handler.c
  winreg.c
f:\workspace\codereading\python-3.6.6\pc\winreg.c(908): warning C4311: “类型强制转换”: 从“void *”到“DWORD”的指针截断
  config.c
  getpathp.c
  msvcrtmodule.c
f:\workspace\codereading\python-3.6.6\pc\msvcrtmodule.c(410): warning C4312: “类型强制转换”: 从“int”转换到更大的“_HFILE”
f:\workspace\codereading\python-3.6.6\pc\msvcrtmodule.c(410): warning C4311: “类型强制转换”: 从“_HFILE”到“long”的指针截断
f:\workspace\codereading\python-3.6.6\pc\msvcrtmodule.c(571): warning C4311: “类型强制转换”: 从“_HFILE”到“int”的指针截断
f:\workspace\codereading\python-3.6.6\pc\msvcrtmodule.c(572): warning C4311: “类型强制转换”: 从“_HFILE”到“int”的指针截断
f:\workspace\codereading\python-3.6.6\pc\msvcrtmodule.c(573): warning C4311: “类型强制转换”: 从“_HFILE”到“int”的指针截断
  pyhash.c
  random.c
  _warnings.c
  asdl.c
  ast.c
f:\workspace\codereading\python-3.6.6\python\ast.c(4292): warning C4244: “+=”: 从“__int64”转换到“int”，可能丢失数据
  正在生成代码...
  正在编译...
  bltinmodule.c
  ceval.c
  codecs.c
  compile.c
  dynamic_annotations.c
  dynload_win.c
  errors.c
  fileutils.c
  formatter_unicode.c
  frozen.c
  future.c
  getargs.c
f:\workspace\codereading\python-3.6.6\python\getargs.c(2021): warning C4244: “=”: 从“Py_ssize_t”转换到“int”，可能丢失数据
  getcompiler.c
  getcopyright.c
  getopt.c
  getplatform.c
  getversion.c
  graminit.c
  import.c
  importdl.c
  正在生成代码...
  正在编译...
  marshal.c
  modsupport.c
  mysnprintf.c
  mystrtoul.c
  peephole.c
f:\workspace\codereading\python-3.6.6\python\peephole.c(249): warning C4244: “函数”: 从“Py_ssize_t”转换到“unsigned int”，可能丢失数据
f:\workspace\codereading\python-3.6.6\python\peephole.c(433): warning C4244: “函数”: 从“Py_ssize_t”转换到“unsigned int”，可能丢失数据
f:\workspace\codereading\python-3.6.6\python\peephole.c(481): warning C4244: “函数”: 从“Py_ssize_t”转换到“unsigned int”，可能丢失数据
f:\workspace\codereading\python-3.6.6\python\peephole.c(773): warning C4267: “函数”: 从“size_t”转换到“unsigned int”，可能丢失数据
f:\workspace\codereading\python-3.6.6\python\peephole.c(806): warning C4267: “=”: 从“size_t”转换到“unsigned int”，可能丢失数据
f:\workspace\codereading\python-3.6.6\python\peephole.c(813): warning C4244: “-=”: 从“Py_ssize_t”转换到“unsigned int”，可能丢失数据
f:\workspace\codereading\python-3.6.6\python\peephole.c(838): warning C4244: “=”: 从“Py_ssize_t”转换到“unsigned int”，可能丢失数据
f:\workspace\codereading\python-3.6.6\python\peephole.c(891): warning C4244: “函数”: 从“Py_ssize_t”转换到“int”，可能丢失数据
  pyarena.c
  pyctype.c
  pyfpe.c
  pylifecycle.c
  pymath.c
  pytime.c
  pystate.c
  pystrcmp.c
  pystrhex.c
  pystrtod.c
  dtoa.c
  Python-ast.c
  pythonrun.c
  structmember.c
  symtable.c
  正在生成代码...
  正在编译...
  sysmodule.c
  thread.c
  traceback.c
  dl_nt.c
  正在生成代码...
